Log file open, 03/15/20 19:15:38
LogWindows: Failed to load 'aqProf.dll' (GetLastError=126)
LogWindows: File 'aqProf.dll' does not exist
LogWindows: Failed to load 'VtuneApi.dll' (GetLastError=126)
LogWindows: File 'VtuneApi.dll' does not exist
LogWindows: Failed to load 'VtuneApi32e.dll' (GetLastError=126)
LogWindows: File 'VtuneApi32e.dll' does not exist
LogConsoleResponse: Display: Failed to find resolution value strings in scalability ini. Falling back to default.
LogInit: Display: Running engine for game: VRGame
LogPlatformFile: Not using cached read wrapper
LogTaskGraph: Started task graph with 5 named threads and 23 total threads with 3 sets of task threads.
LogStats: Stats thread started at 4.973980
LogD3D11RHI: Loaded GFSDK_Aftermath_Lib.x64.dll
LogICUInternationalization: ICU TimeZone Detection - Raw Offset: +8:00, Platform Override: ''
LogPluginManager: Mounting plugin Paper2D
LogPluginManager: Mounting plugin AISupport
LogPluginManager: Mounting plugin LightPropagationVolume
LogPluginManager: Mounting plugin ActorLayerUtilities
LogPluginManager: Mounting plugin AnimationSharing
LogPluginManager: Mounting plugin CLionSourceCodeAccess
LogPluginManager: Mounting plugin CodeLiteSourceCodeAccess
LogPluginManager: Mounting plugin GitSourceControl
LogPluginManager: Mounting plugin KDevelopSourceCodeAccess
LogPluginManager: Mounting plugin NullSourceCodeAccess
LogPluginManager: Mounting plugin PerforceSourceControl
LogPluginManager: Mounting plugin PlasticSourceControl
LogPluginManager: Mounting plugin SubversionSourceControl
LogPluginManager: Mounting plugin UObjectPlugin
LogPluginManager: Mounting plugin VisualStudioCodeSourceCodeAccess
LogPluginManager: Mounting plugin VisualStudioSourceCodeAccess
LogPluginManager: Mounting plugin XCodeSourceCodeAccess
LogPluginManager: Mounting plugin AssetManagerEditor
LogPluginManager: Mounting plugin CryptoKeys
LogPluginManager: Mounting plugin CurveEditorTools
LogPluginManager: Mounting plugin DataValidation
LogPluginManager: Mounting plugin FacialAnimation
LogPluginManager: Mounting plugin GameplayTagsEditor
LogPluginManager: Mounting plugin MacGraphicsSwitching
LogPluginManager: Mounting plugin MaterialAnalyzer
LogPluginManager: Mounting plugin MobileLauncherProfileWizard
LogPluginManager: Mounting plugin PluginBrowser
LogPluginManager: Mounting plugin SpeedTreeImporter
LogPluginManager: Mounting plugin DatasmithContent
LogPluginManager: Mounting plugin VariantManagerContent
LogPluginManager: Mounting plugin AlembicImporter
LogPluginManager: Mounting plugin AutomationUtils
LogPluginManager: Mounting plugin BackChannel
LogPluginManager: Mounting plugin CharacterAI
LogPluginManager: Mounting plugin GeometryCache
LogPluginManager: Mounting plugin PlatformCrypto
LogPluginManager: Mounting plugin ProxyLODPlugin
LogPluginManager: Mounting plugin SkeletalReduction
LogPluginManager: Mounting plugin MagicLeap
LogPluginManager: Mounting plugin MagicLeapMedia
LogPluginManager: Mounting plugin MLSDK
LogPluginManager: Mounting plugin AndroidMedia
LogPluginManager: Mounting plugin AvfMedia
LogPluginManager: Mounting plugin ImgMedia
LogPluginManager: Mounting plugin MediaCompositing
LogPluginManager: Mounting plugin MediaPlayerEditor
LogPluginManager: Mounting plugin WebMMedia
LogPluginManager: Mounting plugin WmfMedia
LogPluginManager: Mounting plugin TcpMessaging
LogPluginManager: Mounting plugin UdpMessaging
LogPluginManager: Mounting plugin ActorSequence
LogPluginManager: Mounting plugin LevelSequenceEditor
LogPluginManager: Mounting plugin MatineeToLevelSequence
LogPluginManager: Mounting plugin NetcodeUnitTest
LogPluginManager: Mounting plugin NUTUnrealEngine4
LogPluginManager: Mounting plugin OnlineSubsystemGooglePlay
LogPluginManager: Mounting plugin OnlineSubsystemIOS
LogPluginManager: Mounting plugin OnlineSubsystem
LogPluginManager: Mounting plugin OnlineSubsystemNull
LogPluginManager: Mounting plugin OnlineSubsystemUtils
LogPluginManager: Mounting plugin LauncherChunkInstaller
LogPluginManager: Mounting plugin AndroidDeviceProfileSelector
LogPluginManager: Mounting plugin AndroidMoviePlayer
LogPluginManager: Mounting plugin AndroidPermission
LogPluginManager: Mounting plugin AppleImageUtils
LogPluginManager: Mounting plugin AppleMoviePlayer
LogPluginManager: Mounting plugin ArchVisCharacter
LogPluginManager: Mounting plugin AssetTags
LogPluginManager: Mounting plugin AudioCapture
LogPluginManager: Mounting plugin CableComponent
LogPluginManager: Mounting plugin CustomMeshComponent
LogPluginManager: Mounting plugin EditableMesh
LogPluginManager: Mounting plugin ExampleDeviceProfileSelector
LogPluginManager: Mounting plugin GoogleCloudMessaging
LogPluginManager: Mounting plugin IOSDeviceProfileSelector
LogPluginManager: Mounting plugin LinuxDeviceProfileSelector
LogPluginManager: Mounting plugin LocationServicesBPLibrary
LogPluginManager: Mounting plugin MobilePatchingUtils
LogPluginManager: Mounting plugin OculusVR
LogPluginManager: Mounting plugin PhysXVehicles
LogPluginManager: Mounting plugin PostSplashScreen
LogPluginManager: Mounting plugin ProceduralMeshComponent
LogPluginManager: Mounting plugin RuntimePhysXCooking
LogPluginManager: Mounting plugin SignificanceManager
LogPluginManager: Mounting plugin SteamVR
LogPluginManager: Mounting plugin WebMMoviePlayer
LogPluginManager: Mounting plugin WindowsMoviePlayer
LogPluginManager: Mounting plugin ScreenshotTools
LogInit: Using libcurl 7.55.1-DEV
LogInit:  - built for x86_64-pc-win32
LogInit:  - supports SSL with OpenSSL/1.1.1
LogInit:  - supports HTTP deflate (compression) using libz 1.2.8
LogInit:  - other features:
LogInit:      CURL_VERSION_SSL
LogInit:      CURL_VERSION_LIBZ
LogInit:      CURL_VERSION_IPV6
LogInit:      CURL_VERSION_ASYNCHDNS
LogInit:      CURL_VERSION_LARGEFILE
LogInit:      CURL_VERSION_IDN
LogInit:  CurlRequestOptions (configurable via config and command line):
LogInit:  - bVerifyPeer = true  - Libcurl will verify peer certificate
LogInit:  - bUseHttpProxy = false  - Libcurl will NOT use HTTP proxy
LogInit:  - bDontReuseConnections = false  - Libcurl will reuse connections
LogInit:  - MaxHostConnections = 16  - Libcurl will limit the number of connections to a host
LogInit:  - LocalHostAddr = Default
LogInit:  - BufferSize = 65536
LogOnline: OSS: Creating online subsystem instance for: NULL
LogInit: WinSock: version 1.1 (2.2), MaxSocks=32767, MaxUdp=65467
LogOnline: OSS: TryLoadSubsystemAndSetDefault: Loaded subsystem for module [NULL]
LogInit: Build: ++UE4+Release-4.24-CL-11100242
LogInit: Engine Version: 4.24.2-11100242+++UE4+Release-4.24
LogInit: Compatible Engine Version: 4.24.0-10570792+++UE4+Release-4.24
LogInit: Net CL: 10570792
LogInit: OS: Windows 10 (Release 1903) (), CPU: Intel(R) Core(TM) i7-6700HQ CPU @ 2.60GHz, GPU: Intel(R) HD Graphics 530
LogInit: Compiled (64-bit): Jan 24 2020 02:05:53
LogInit: Compiled with Visual C++: 19.16.27032.01
LogInit: Build Configuration: Development
LogInit: Branch Name: ++UE4+Release-4.24
LogInit: Command Line: 
LogInit: Base Directory: D:/Program Files/Epic Gmes/UE_4.24/Engine/Binaries/Win64/
LogInit: Installed Engine Build: 1
LogDevObjectVersion: Number of dev versions registered: 25
LogDevObjectVersion:   Dev-Blueprints (B0D832E4-1F89-4F0D-ACCF-7EB736FD4AA2): 10
LogDevObjectVersion:   Dev-Build (E1C64328-A22C-4D53-A36C-8E866417BD8C): 0
LogDevObjectVersion:   Dev-Core (375EC13C-06E4-48FB-B500-84F0262A717E): 3
LogDevObjectVersion:   Dev-Editor (E4B068ED-F494-42E9-A231-DA0B2E46BB41): 37
LogDevObjectVersion:   Dev-Framework (CFFC743F-43B0-4480-9391-14DF171D2073): 36
LogDevObjectVersion:   Dev-Mobile (B02B49B5-BB20-44E9-A304-32B752E40360): 2
LogDevObjectVersion:   Dev-Networking (A4E4105C-59A1-49B5-A7C5-40C4547EDFEE): 0
LogDevObjectVersion:   Dev-Online (39C831C9-5AE6-47DC-9A44-9C173E1C8E7C): 0
LogDevObjectVersion:   Dev-Physics (78F01B33-EBEA-4F98-B9B4-84EACCB95AA2): 2
LogDevObjectVersion:   Dev-Platform (6631380F-2D4D-43E0-8009-CF276956A95A): 0
LogDevObjectVersion:   Dev-Rendering (12F88B9F-8875-4AFC-A67C-D90C383ABD29): 36
LogDevObjectVersion:   Dev-Sequencer (7B5AE74C-D270-4C10-A958-57980B212A5A): 11
LogDevObjectVersion:   Dev-VR (D7296918-1DD6-4BDD-9DE2-64A83CC13884): 2
LogDevObjectVersion:   Dev-LoadTimes (C2A15278-BFE7-4AFE-6C17-90FF531DF755): 1
LogDevObjectVersion:   Private-Geometry (6EACA3D4-40EC-4CC1-B786-8BED09428FC5): 3
LogDevObjectVersion:   Dev-AnimPhys (29E575DD-E0A3-4627-9D10-D276232CDCEA): 17
LogDevObjectVersion:   Dev-Anim (AF43A65D-7FD3-4947-9873-3E8ED9C1BB05): 2
LogDevObjectVersion:   Dev-ReflectionCapture (6B266CEC-1EC7-4B8F-A30B-E4D90942FC07): 1
LogDevObjectVersion:   Dev-Automation (0DF73D61-A23F-47EA-B727-89E90C41499A): 1
LogDevObjectVersion:   FortniteMain (601D1886-AC64-4F84-AA16-D3DE0DEAC7D6): 31
LogDevObjectVersion:   Dev-Enterprise (9DFFBCD6-494F-0158-E221-12823C92A888): 8
LogDevObjectVersion:   Dev-Niagara (F2AED0AC-9AFE-416F-8664-AA7FFA26D6FC): 1
LogDevObjectVersion:   Dev-Destruction (174F1F0B-B4C6-45A5-B13F-2EE8D0FB917D): 9
LogDevObjectVersion:   Dev-Physics-Ext (35F94A83-E258-406C-A318-09F59610247C): 8
LogDevObjectVersion:   Dev-CineCamera (B2E18506-4273-CFC2-A54E-F4BB758BBA07): 1
LogInit: Presizing for max 25165824 objects, including 0 objects not considered by GC, pre-allocating 0 bytes for permanent pool.
LogInit: Object subsystem initialized
LogConfig: Setting CVar [[con.DebugEarlyDefault:1]]
LogConfig: Setting CVar [[r.setres:1280x720]]
[2020.03.15-11.15.41:449][  0]LogConfig: Setting CVar [[r.VSync:0]]
[2020.03.15-11.15.41:449][  0]LogConfig: Setting CVar [[r.RHICmdBypass:0]]
[2020.03.15-11.15.41:449][  0]LogConfig: Applying CVar settings from Section [/Script/Engine.RendererSettings] File [D:/Github/OurVRProject/VRGame/Saved/Config/Windows/Engine.ini]
[2020.03.15-11.15.41:449][  0]LogConfig: Setting CVar [[r.GPUCrashDebugging:0]]
[2020.03.15-11.15.41:449][  0]LogConfig: Applying CVar settings from Section [/Script/Engine.RendererOverrideSettings] File [D:/Github/OurVRProject/VRGame/Saved/Config/Windows/Engine.ini]
[2020.03.15-11.15.41:450][  0]LogConfig: Applying CVar settings from Section [/Script/Engine.StreamingSettings] File [D:/Github/OurVRProject/VRGame/Saved/Config/Windows/Engine.ini]
[2020.03.15-11.15.41:450][  0]LogConfig: Setting CVar [[s.MinBulkDataSizeForAsyncLoading:131072]]
[2020.03.15-11.15.41:450][  0]LogConfig: Setting CVar [[s.AsyncLoadingThreadEnabled:0]]
[2020.03.15-11.15.41:450][  0]LogConfig: Setting CVar [[s.EventDrivenLoaderEnabled:1]]
[2020.03.15-11.15.41:450][  0]LogConfig: Setting CVar [[s.WarnIfTimeLimitExceeded:0]]
[2020.03.15-11.15.41:450][  0]LogConfig: Setting CVar [[s.TimeLimitExceededMultiplier:1.5]]
[2020.03.15-11.15.41:450][  0]LogConfig: Setting CVar [[s.TimeLimitExceededMinTime:0.005]]
[2020.03.15-11.15.41:450][  0]LogConfig: Setting CVar [[s.UseBackgroundLevelStreaming:1]]
[2020.03.15-11.15.41:450][  0]LogConfig: Setting CVar [[s.PriorityAsyncLoadingExtraTime:15.0]]
[2020.03.15-11.15.41:450][  0]LogConfig: Setting CVar [[s.LevelStreamingActorsUpdateTimeLimit:5.0]]
[2020.03.15-11.15.41:450][  0]LogConfig: Setting CVar [[s.PriorityLevelStreamingActorsUpdateExtraTime:5.0]]
[2020.03.15-11.15.41:450][  0]LogConfig: Setting CVar [[s.LevelStreamingComponentsRegistrationGranularity:10]]
[2020.03.15-11.15.41:450][  0]LogConfig: Setting CVar [[s.UnregisterComponentsTimeLimit:1.0]]
[2020.03.15-11.15.41:450][  0]LogConfig: Setting CVar [[s.LevelStreamingComponentsUnregistrationGranularity:5]]
[2020.03.15-11.15.41:450][  0]LogConfig: Setting CVar [[s.FlushStreamingOnExit:1]]
[2020.03.15-11.15.41:450][  0]LogConfig: Applying CVar settings from Section [/Script/Engine.GarbageCollectionSettings] File [D:/Github/OurVRProject/VRGame/Saved/Config/Windows/Engine.ini]
[2020.03.15-11.15.41:450][  0]LogConfig: Setting CVar [[gc.MaxObjectsNotConsideredByGC:1]]
[2020.03.15-11.15.41:450][  0]LogConfig: Setting CVar [[gc.SizeOfPermanentObjectPool:0]]
[2020.03.15-11.15.41:450][  0]LogConfig: Setting CVar [[gc.FlushStreamingOnGC:0]]
[2020.03.15-11.15.41:450][  0]LogConfig: Setting CVar [[gc.NumRetriesBeforeForcingGC:10]]
[2020.03.15-11.15.41:450][  0]LogConfig: Setting CVar [[gc.AllowParallelGC:1]]
[2020.03.15-11.15.41:450][  0]LogConfig: Setting CVar [[gc.TimeBetweenPurgingPendingKillObjects:61.1]]
[2020.03.15-11.15.41:450][  0]LogConfig: Setting CVar [[gc.MaxObjectsInEditor:25165824]]
[2020.03.15-11.15.41:450][  0]LogConfig: Setting CVar [[gc.IncrementalBeginDestroyEnabled:1]]
[2020.03.15-11.15.41:450][  0]LogConfig: Setting CVar [[gc.CreateGCClusters:1]]
[2020.03.15-11.15.41:450][  0]LogConfig: Setting CVar [[gc.MinGCClusterSize:5]]
[2020.03.15-11.15.41:450][  0]LogConfig: Setting CVar [[gc.ActorClusteringEnabled:0]]
[2020.03.15-11.15.41:450][  0]LogConfig: Setting CVar [[gc.BlueprintClusteringEnabled:0]]
[2020.03.15-11.15.41:450][  0]LogConfig: Setting CVar [[gc.UseDisregardForGCOnDedicatedServers:0]]
[2020.03.15-11.15.41:450][  0]LogConfig: Applying CVar settings from Section [/Script/Engine.NetworkSettings] File [D:/Github/OurVRProject/VRGame/Saved/Config/Windows/Engine.ini]
[2020.03.15-11.15.41:450][  0]LogConfig: Applying CVar settings from Section [/Script/UnrealEd.CookerSettings] File [D:/Github/OurVRProject/VRGame/Saved/Config/Windows/Engine.ini]
[2020.03.15-11.15.41:456][  0]LogConfig: Applying CVar settings from Section [ViewDistanceQuality@3] File [D:/Github/OurVRProject/VRGame/Saved/Config/Windows/Scalability.ini]
[2020.03.15-11.15.41:456][  0]LogConfig: Setting CVar [[r.SkeletalMeshLODBias:0]]
[2020.03.15-11.15.41:456][  0]LogConfig: Setting CVar [[r.ViewDistanceScale:1.0]]
[2020.03.15-11.15.41:456][  0]LogConfig: Applying CVar settings from Section [AntiAliasingQuality@3] File [D:/Github/OurVRProject/VRGame/Saved/Config/Windows/Scalability.ini]
[2020.03.15-11.15.41:456][  0]LogConfig: Setting CVar [[r.PostProcessAAQuality:4]]
[2020.03.15-11.15.41:456][  0]LogConfig: Applying CVar settings from Section [ShadowQuality@3] File [D:/Github/OurVRProject/VRGame/Saved/Config/Windows/Scalability.ini]
[2020.03.15-11.15.41:456][  0]LogConfig: Setting CVar [[r.LightFunctionQuality:1]]
[2020.03.15-11.15.41:456][  0]LogConfig: Setting CVar [[r.ShadowQuality:5]]
[2020.03.15-11.15.41:456][  0]LogConfig: Setting CVar [[r.Shadow.CSM.MaxCascades:10]]
[2020.03.15-11.15.41:456][  0]LogConfig: Setting CVar [[r.Shadow.MaxResolution:2048]]
[2020.03.15-11.15.41:456][  0]LogConfig: Setting CVar [[r.Shadow.MaxCSMResolution:2048]]
[2020.03.15-11.15.41:456][  0]LogConfig: Setting CVar [[r.Shadow.RadiusThreshold:0.01]]
[2020.03.15-11.15.41:456][  0]LogConfig: Setting CVar [[r.Shadow.DistanceScale:1.0]]
[2020.03.15-11.15.41:456][  0]LogConfig: Setting CVar [[r.Shadow.CSM.TransitionScale:1.0]]
[2020.03.15-11.15.41:456][  0]LogConfig: Setting CVar [[r.Shadow.PreShadowResolutionFactor:1.0]]
[2020.03.15-11.15.41:456][  0]LogConfig: Setting CVar [[r.DistanceFieldShadowing:1]]
[2020.03.15-11.15.41:456][  0]LogConfig: Setting CVar [[r.DistanceFieldAO:1]]
[2020.03.15-11.15.41:456][  0]LogConfig: Setting CVar [[r.AOQuality:2]]
[2020.03.15-11.15.41:456][  0]LogConfig: Setting CVar [[r.VolumetricFog:1]]
[2020.03.15-11.15.41:456][  0]LogConfig: Setting CVar [[r.VolumetricFog.GridPixelSize:8]]
[2020.03.15-11.15.41:456][  0]LogConfig: Setting CVar [[r.VolumetricFog.GridSizeZ:128]]
[2020.03.15-11.15.41:456][  0]LogConfig: Setting CVar [[r.VolumetricFog.HistoryMissSupersampleCount:4]]
[2020.03.15-11.15.41:456][  0]LogConfig: Setting CVar [[r.LightMaxDrawDistanceScale:1]]
[2020.03.15-11.15.41:456][  0]LogConfig: Setting CVar [[r.CapsuleShadows:1]]
[2020.03.15-11.15.41:456][  0]LogConfig: Applying CVar settings from Section [PostProcessQuality@3] File [D:/Github/OurVRProject/VRGame/Saved/Config/Windows/Scalability.ini]
[2020.03.15-11.15.41:456][  0]LogConfig: Setting CVar [[r.MotionBlurQuality:4]]
[2020.03.15-11.15.41:456][  0]LogConfig: Setting CVar [[r.AmbientOcclusionMipLevelFactor:0.4]]
[2020.03.15-11.15.41:456][  0]LogConfig: Setting CVar [[r.AmbientOcclusionMaxQuality:100]]
[2020.03.15-11.15.41:456][  0]LogConfig: Setting CVar [[r.AmbientOcclusionLevels:-1]]
[2020.03.15-11.15.41:456][  0]LogConfig: Setting CVar [[r.AmbientOcclusionRadiusScale:1.0]]
[2020.03.15-11.15.41:456][  0]LogConfig: Setting CVar [[r.DepthOfFieldQuality:2]]
[2020.03.15-11.15.41:456][  0]LogConfig: Setting CVar [[r.RenderTargetPoolMin:400]]
[2020.03.15-11.15.41:456][  0]LogConfig: Setting CVar [[r.LensFlareQuality:2]]
[2020.03.15-11.15.41:456][  0]LogConfig: Setting CVar [[r.SceneColorFringeQuality:1]]
[2020.03.15-11.15.41:456][  0]LogConfig: Setting CVar [[r.EyeAdaptationQuality:2]]
[2020.03.15-11.15.41:456][  0]LogConfig: Setting CVar [[r.BloomQuality:5]]
[2020.03.15-11.15.41:456][  0]LogConfig: Setting CVar [[r.FastBlurThreshold:100]]
[2020.03.15-11.15.41:456][  0]LogConfig: Setting CVar [[r.Upscale.Quality:3]]
[2020.03.15-11.15.41:456][  0]LogConfig: Setting CVar [[r.Tonemapper.GrainQuantization:1]]
[2020.03.15-11.15.41:456][  0]LogConfig: Setting CVar [[r.LightShaftQuality:1]]
[2020.03.15-11.15.41:456][  0]LogConfig: Setting CVar [[r.Filter.SizeScale:1]]
[2020.03.15-11.15.41:456][  0]LogConfig: Setting CVar [[r.Tonemapper.Quality:5]]
[2020.03.15-11.15.41:456][  0]LogConfig: Setting CVar [[r.DOF.Gather.AccumulatorQuality:1        ; higher gathering accumulator quality]]
[2020.03.15-11.15.41:456][  0]LogConfig: Setting CVar [[r.DOF.Gather.PostfilterMethod:1          ; Median3x3 postfilering method]]
[2020.03.15-11.15.41:456][  0]LogConfig: Setting CVar [[r.DOF.Gather.EnableBokehSettings:0       ; no bokeh simulation when gathering]]
[2020.03.15-11.15.41:456][  0]LogConfig: Setting CVar [[r.DOF.Gather.RingCount:4                 ; medium number of samples when gathering]]
[2020.03.15-11.15.41:456][  0]LogConfig: Setting CVar [[r.DOF.Scatter.ForegroundCompositing:1    ; additive foreground scattering]]
[2020.03.15-11.15.41:456][  0]LogConfig: Setting CVar [[r.DOF.Scatter.BackgroundCompositing:2    ; additive background scattering]]
[2020.03.15-11.15.41:456][  0]LogConfig: Setting CVar [[r.DOF.Scatter.EnableBokehSettings:1      ; bokeh simulation when scattering]]
[2020.03.15-11.15.41:456][  0]LogConfig: Setting CVar [[r.DOF.Scatter.MaxSpriteRatio:0.1         ; only a maximum of 10% of scattered bokeh]]
[2020.03.15-11.15.41:456][  0]LogConfig: Setting CVar [[r.DOF.Recombine.Quality:1                ; cheap slight out of focus]]
[2020.03.15-11.15.41:456][  0]LogConfig: Setting CVar [[r.DOF.Recombine.EnableBokehSettings:0    ; no bokeh simulation on slight out of focus]]
[2020.03.15-11.15.41:456][  0]LogConfig: Setting CVar [[r.DOF.TemporalAAQuality:1                ; more stable temporal accumulation]]
[2020.03.15-11.15.41:456][  0]LogConfig: Setting CVar [[r.DOF.Kernel.MaxForegroundRadius:0.025]]
[2020.03.15-11.15.41:456][  0]LogConfig: Setting CVar [[r.DOF.Kernel.MaxBackgroundRadius:0.025]]
[2020.03.15-11.15.41:456][  0]LogConfig: Applying CVar settings from Section [TextureQuality@3] File [D:/Github/OurVRProject/VRGame/Saved/Config/Windows/Scalability.ini]
[2020.03.15-11.15.41:457][  0]LogConfig: Setting CVar [[r.Streaming.MipBias:0]]
[2020.03.15-11.15.41:457][  0]LogConfig: Setting CVar [[r.Streaming.AmortizeCPUToGPUCopy:0]]
[2020.03.15-11.15.41:457][  0]LogConfig: Setting CVar [[r.Streaming.MaxNumTexturesToStreamPerFrame:0]]
[2020.03.15-11.15.41:457][  0]LogConfig: Setting CVar [[r.Streaming.Boost:1]]
[2020.03.15-11.15.41:457][  0]LogConfig: Setting CVar [[r.MaxAnisotropy:8]]
[2020.03.15-11.15.41:457][  0]LogConfig: Setting CVar [[r.VT.MaxAnisotropy:8]]
[2020.03.15-11.15.41:457][  0]LogConfig: Setting CVar [[r.Streaming.LimitPoolSizeToVRAM:0]]
[2020.03.15-11.15.41:457][  0]LogConfig: Setting CVar [[r.Streaming.PoolSize:1000]]
[2020.03.15-11.15.41:457][  0]LogConfig: Setting CVar [[r.Streaming.MaxEffectiveScreenSize:0]]
[2020.03.15-11.15.41:457][  0]LogConfig: Applying CVar settings from Section [EffectsQuality@3] File [D:/Github/OurVRProject/VRGame/Saved/Config/Windows/Scalability.ini]
[2020.03.15-11.15.41:457][  0]LogConfig: Setting CVar [[r.TranslucencyLightingVolumeDim:64]]
[2020.03.15-11.15.41:457][  0]LogConfig: Setting CVar [[r.RefractionQuality:2]]
[2020.03.15-11.15.41:457][  0]LogConfig: Setting CVar [[r.SSR.Quality:3]]
[2020.03.15-11.15.41:457][  0]LogConfig: Setting CVar [[r.SSR.HalfResSceneColor:0]]
[2020.03.15-11.15.41:457][  0]LogConfig: Setting CVar [[r.SceneColorFormat:4]]
[2020.03.15-11.15.41:457][  0]LogConfig: Setting CVar [[r.DetailMode:2]]
[2020.03.15-11.15.41:457][  0]LogConfig: Setting CVar [[r.TranslucencyVolumeBlur:1]]
[2020.03.15-11.15.41:457][  0]LogConfig: Setting CVar [[r.MaterialQualityLevel:1 ; High quality]]
[2020.03.15-11.15.41:457][  0]LogConfig: Setting CVar [[r.SSS.Scale:1]]
[2020.03.15-11.15.41:457][  0]LogConfig: Setting CVar [[r.SSS.SampleSet:2]]
[2020.03.15-11.15.41:457][  0]LogConfig: Setting CVar [[r.SSS.Quality:1]]
[2020.03.15-11.15.41:457][  0]LogConfig: Setting CVar [[r.SSS.HalfRes:1]]
[2020.03.15-11.15.41:457][  0]LogConfig: Setting CVar [[r.SSGI.Quality:3]]
[2020.03.15-11.15.41:457][  0]LogConfig: Setting CVar [[r.EmitterSpawnRateScale:1.0]]
[2020.03.15-11.15.41:457][  0]LogConfig: Setting CVar [[r.ParticleLightQuality:2]]
[2020.03.15-11.15.41:457][  0]LogConfig: Setting CVar [[r.SkyAtmosphere.AerialPerspectiveLUT.FastApplyOnOpaque:1 ; Always have FastSkyLUT 1 in this case to avoid wrong sky]]
[2020.03.15-11.15.41:457][  0]LogConfig: Setting CVar [[r.SkyAtmosphere.AerialPerspectiveLUT.SampleCountPerSlice:1]]
[2020.03.15-11.15.41:457][  0]LogConfig: Setting CVar [[r.SkyAtmosphere.AerialPerspectiveLUT.DepthResolution:16.0]]
[2020.03.15-11.15.41:457][  0]LogConfig: Setting CVar [[r.SkyAtmosphere.FastSkyLUT:1]]
[2020.03.15-11.15.41:457][  0]LogConfig: Setting CVar [[r.SkyAtmosphere.FastSkyLUT.SampleCountMin:4.0]]
[2020.03.15-11.15.41:457][  0]LogConfig: Setting CVar [[r.SkyAtmosphere.FastSkyLUT.SampleCountMax:32.0]]
[2020.03.15-11.15.41:457][  0]LogConfig: Setting CVar [[r.SkyAtmosphere.SampleCountMin:4.0]]
[2020.03.15-11.15.41:457][  0]LogConfig: Setting CVar [[r.SkyAtmosphere.SampleCountMax:32.0]]
[2020.03.15-11.15.41:457][  0]LogConfig: Setting CVar [[r.SkyAtmosphere.TransmittanceLUT.UseSmallFormat:0]]
[2020.03.15-11.15.41:457][  0]LogConfig: Setting CVar [[r.SkyAtmosphere.TransmittanceLUT.SampleCount:10.0]]
[2020.03.15-11.15.41:457][  0]LogConfig: Setting CVar [[r.SkyAtmosphere.MultiScatteringLUT.SampleCount:15.0]]
[2020.03.15-11.15.41:457][  0]LogConfig: Applying CVar settings from Section [FoliageQuality@3] File [D:/Github/OurVRProject/VRGame/Saved/Config/Windows/Scalability.ini]
[2020.03.15-11.15.41:457][  0]LogConfig: Setting CVar [[foliage.DensityScale:1.0]]
[2020.03.15-11.15.41:457][  0]LogConfig: Setting CVar [[grass.DensityScale:1.0]]
[2020.03.15-11.15.41:457][  0]LogConfig: Applying CVar settings from Section [ShadingQuality@3] File [D:/Github/OurVRProject/VRGame/Saved/Config/Windows/Scalability.ini]
[2020.03.15-11.15.41:457][  0]LogConfig: Setting CVar [[r.HairStrands.SkyLighting.SampleCount:16]]
[2020.03.15-11.15.41:457][  0]LogConfig: Setting CVar [[r.HairStrands.SkyLighting.JitterIntegration:0]]
[2020.03.15-11.15.41:457][  0]LogConfig: Setting CVar [[r.HairStrands.SkyAO.SampleCount:16]]
[2020.03.15-11.15.41:457][  0]LogInit: Selected Device Profile: [Windows]
[2020.03.15-11.15.41:457][  0]LogInit: Applying CVar settings loaded from the selected device profile: [Windows]
[2020.03.15-11.15.41:477][  0]LogHAL: Display: Platform has ~ 8 GB [8499744768 / 8589934592 / 8], which maps to Default [LargestMinGB=32, LargerMinGB=12, DefaultMinGB=8, SmallerMinGB=6, SmallestMinGB=0)
[2020.03.15-11.15.41:477][  0]LogInit: Going up to parent DeviceProfile []
[2020.03.15-11.15.41:477][  0]LogConfig: Applying CVar settings from Section [ViewDistanceQuality@3] File [D:/Github/OurVRProject/VRGame/Saved/Config/Windows/Scalability.ini]
[2020.03.15-11.15.41:477][  0]LogConfig: Setting CVar [[r.SkeletalMeshLODBias:0]]
[2020.03.15-11.15.41:477][  0]LogConfig: Setting CVar [[r.ViewDistanceScale:1.0]]
[2020.03.15-11.15.41:477][  0]LogConfig: Applying CVar settings from Section [AntiAliasingQuality@3] File [D:/Github/OurVRProject/VRGame/Saved/Config/Windows/Scalability.ini]
[2020.03.15-11.15.41:477][  0]LogConfig: Setting CVar [[r.PostProcessAAQuality:4]]
[2020.03.15-11.15.41:477][  0]LogConfig: Applying CVar settings from Section [ShadowQuality@3] File [D:/Github/OurVRProject/VRGame/Saved/Config/Windows/Scalability.ini]
[2020.03.15-11.15.41:477][  0]LogConfig: Setting CVar [[r.LightFunctionQuality:1]]
[2020.03.15-11.15.41:477][  0]LogConfig: Setting CVar [[r.ShadowQuality:5]]
[2020.03.15-11.15.41:477][  0]LogConfig: Setting CVar [[r.Shadow.CSM.MaxCascades:10]]
[2020.03.15-11.15.41:477][  0]LogConfig: Setting CVar [[r.Shadow.MaxResolution:2048]]
[2020.03.15-11.15.41:477][  0]LogConfig: Setting CVar [[r.Shadow.MaxCSMResolution:2048]]
[2020.03.15-11.15.41:477][  0]LogConfig: Setting CVar [[r.Shadow.RadiusThreshold:0.01]]
[2020.03.15-11.15.41:477][  0]LogConfig: Setting CVar [[r.Shadow.DistanceScale:1.0]]
[2020.03.15-11.15.41:477][  0]LogConfig: Setting CVar [[r.Shadow.CSM.TransitionScale:1.0]]
[2020.03.15-11.15.41:477][  0]LogConfig: Setting CVar [[r.Shadow.PreShadowResolutionFactor:1.0]]
[2020.03.15-11.15.41:477][  0]LogConfig: Setting CVar [[r.DistanceFieldShadowing:1]]
[2020.03.15-11.15.41:477][  0]LogConfig: Setting CVar [[r.DistanceFieldAO:1]]
[2020.03.15-11.15.41:477][  0]LogConfig: Setting CVar [[r.AOQuality:2]]
[2020.03.15-11.15.41:477][  0]LogConfig: Setting CVar [[r.VolumetricFog:1]]
[2020.03.15-11.15.41:477][  0]LogConfig: Setting CVar [[r.VolumetricFog.GridPixelSize:8]]
[2020.03.15-11.15.41:477][  0]LogConfig: Setting CVar [[r.VolumetricFog.GridSizeZ:128]]
[2020.03.15-11.15.41:477][  0]LogConfig: Setting CVar [[r.VolumetricFog.HistoryMissSupersampleCount:4]]
[2020.03.15-11.15.41:477][  0]LogConfig: Setting CVar [[r.LightMaxDrawDistanceScale:1]]
[2020.03.15-11.15.41:477][  0]LogConfig: Setting CVar [[r.CapsuleShadows:1]]
[2020.03.15-11.15.41:477][  0]LogConfig: Applying CVar settings from Section [PostProcessQuality@3] File [D:/Github/OurVRProject/VRGame/Saved/Config/Windows/Scalability.ini]
[2020.03.15-11.15.41:477][  0]LogConfig: Setting CVar [[r.MotionBlurQuality:4]]
[2020.03.15-11.15.41:477][  0]LogConfig: Setting CVar [[r.AmbientOcclusionMipLevelFactor:0.4]]
[2020.03.15-11.15.41:477][  0]LogConfig: Setting CVar [[r.AmbientOcclusionMaxQuality:100]]
[2020.03.15-11.15.41:477][  0]LogConfig: Setting CVar [[r.AmbientOcclusionLevels:-1]]
[2020.03.15-11.15.41:477][  0]LogConfig: Setting CVar [[r.AmbientOcclusionRadiusScale:1.0]]
[2020.03.15-11.15.41:477][  0]LogConfig: Setting CVar [[r.DepthOfFieldQuality:2]]
[2020.03.15-11.15.41:477][  0]LogConfig: Setting CVar [[r.RenderTargetPoolMin:400]]
[2020.03.15-11.15.41:477][  0]LogConfig: Setting CVar [[r.LensFlareQuality:2]]
[2020.03.15-11.15.41:477][  0]LogConfig: Setting CVar [[r.SceneColorFringeQuality:1]]
[2020.03.15-11.15.41:477][  0]LogConfig: Setting CVar [[r.EyeAdaptationQuality:2]]
[2020.03.15-11.15.41:477][  0]LogConfig: Setting CVar [[r.BloomQuality:5]]
[2020.03.15-11.15.41:477][  0]LogConfig: Setting CVar [[r.FastBlurThreshold:100]]
[2020.03.15-11.15.41:477][  0]LogConfig: Setting CVar [[r.Upscale.Quality:3]]
[2020.03.15-11.15.41:477][  0]LogConfig: Setting CVar [[r.Tonemapper.GrainQuantization:1]]
[2020.03.15-11.15.41:477][  0]LogConfig: Setting CVar [[r.LightShaftQuality:1]]
[2020.03.15-11.15.41:477][  0]LogConfig: Setting CVar [[r.Filter.SizeScale:1]]
[2020.03.15-11.15.41:478][  0]LogConfig: Setting CVar [[r.Tonemapper.Quality:5]]
[2020.03.15-11.15.41:478][  0]LogConfig: Setting CVar [[r.DOF.Gather.AccumulatorQuality:1        ; higher gathering accumulator quality]]
[2020.03.15-11.15.41:478][  0]LogConfig: Setting CVar [[r.DOF.Gather.PostfilterMethod:1          ; Median3x3 postfilering method]]
[2020.03.15-11.15.41:478][  0]LogConfig: Setting CVar [[r.DOF.Gather.EnableBokehSettings:0       ; no bokeh simulation when gathering]]
[2020.03.15-11.15.41:478][  0]LogConfig: Setting CVar [[r.DOF.Gather.RingCount:4                 ; medium number of samples when gathering]]
[2020.03.15-11.15.41:478][  0]LogConfig: Setting CVar [[r.DOF.Scatter.ForegroundCompositing:1    ; additive foreground scattering]]
[2020.03.15-11.15.41:478][  0]LogConfig: Setting CVar [[r.DOF.Scatter.BackgroundCompositing:2    ; additive background scattering]]
[2020.03.15-11.15.41:478][  0]LogConfig: Setting CVar [[r.DOF.Scatter.EnableBokehSettings:1      ; bokeh simulation when scattering]]
[2020.03.15-11.15.41:478][  0]LogConfig: Setting CVar [[r.DOF.Scatter.MaxSpriteRatio:0.1         ; only a maximum of 10% of scattered bokeh]]
[2020.03.15-11.15.41:478][  0]LogConfig: Setting CVar [[r.DOF.Recombine.Quality:1                ; cheap slight out of focus]]
[2020.03.15-11.15.41:478][  0]LogConfig: Setting CVar [[r.DOF.Recombine.EnableBokehSettings:0    ; no bokeh simulation on slight out of focus]]
[2020.03.15-11.15.41:478][  0]LogConfig: Setting CVar [[r.DOF.TemporalAAQuality:1                ; more stable temporal accumulation]]
[2020.03.15-11.15.41:478][  0]LogConfig: Setting CVar [[r.DOF.Kernel.MaxForegroundRadius:0.025]]
[2020.03.15-11.15.41:478][  0]LogConfig: Setting CVar [[r.DOF.Kernel.MaxBackgroundRadius:0.025]]
[2020.03.15-11.15.41:478][  0]LogConfig: Applying CVar settings from Section [TextureQuality@3] File [D:/Github/OurVRProject/VRGame/Saved/Config/Windows/Scalability.ini]
[2020.03.15-11.15.41:478][  0]LogConfig: Setting CVar [[r.Streaming.MipBias:0]]
[2020.03.15-11.15.41:478][  0]LogConfig: Setting CVar [[r.Streaming.AmortizeCPUToGPUCopy:0]]
[2020.03.15-11.15.41:478][  0]LogConfig: Setting CVar [[r.Streaming.MaxNumTexturesToStreamPerFrame:0]]
[2020.03.15-11.15.41:478][  0]LogConfig: Setting CVar [[r.Streaming.Boost:1]]
[2020.03.15-11.15.41:478][  0]LogConfig: Setting CVar [[r.MaxAnisotropy:8]]
[2020.03.15-11.15.41:478][  0]LogConfig: Setting CVar [[r.VT.MaxAnisotropy:8]]
[2020.03.15-11.15.41:478][  0]LogConfig: Setting CVar [[r.Streaming.LimitPoolSizeToVRAM:0]]
[2020.03.15-11.15.41:478][  0]LogConfig: Setting CVar [[r.Streaming.PoolSize:1000]]
[2020.03.15-11.15.41:478][  0]LogConfig: Setting CVar [[r.Streaming.MaxEffectiveScreenSize:0]]
[2020.03.15-11.15.41:478][  0]LogConfig: Applying CVar settings from Section [EffectsQuality@3] File [D:/Github/OurVRProject/VRGame/Saved/Config/Windows/Scalability.ini]
[2020.03.15-11.15.41:478][  0]LogConfig: Setting CVar [[r.TranslucencyLightingVolumeDim:64]]
[2020.03.15-11.15.41:478][  0]LogConfig: Setting CVar [[r.RefractionQuality:2]]
[2020.03.15-11.15.41:478][  0]LogConfig: Setting CVar [[r.SSR.Quality:3]]
[2020.03.15-11.15.41:478][  0]LogConfig: Setting CVar [[r.SSR.HalfResSceneColor:0]]
[2020.03.15-11.15.41:478][  0]LogConfig: Setting CVar [[r.SceneColorFormat:4]]
[2020.03.15-11.15.41:478][  0]LogConfig: Setting CVar [[r.DetailMode:2]]
[2020.03.15-11.15.41:478][  0]LogConfig: Setting CVar [[r.TranslucencyVolumeBlur:1]]
[2020.03.15-11.15.41:478][  0]LogConfig: Setting CVar [[r.MaterialQualityLevel:1 ; High quality]]
[2020.03.15-11.15.41:478][  0]LogConfig: Setting CVar [[r.SSS.Scale:1]]
[2020.03.15-11.15.41:478][  0]LogConfig: Setting CVar [[r.SSS.SampleSet:2]]
[2020.03.15-11.15.41:478][  0]LogConfig: Setting CVar [[r.SSS.Quality:1]]
[2020.03.15-11.15.41:478][  0]LogConfig: Setting CVar [[r.SSS.HalfRes:1]]
[2020.03.15-11.15.41:478][  0]LogConfig: Setting CVar [[r.SSGI.Quality:3]]
[2020.03.15-11.15.41:478][  0]LogConfig: Setting CVar [[r.EmitterSpawnRateScale:1.0]]
[2020.03.15-11.15.41:478][  0]LogConfig: Setting CVar [[r.ParticleLightQuality:2]]
[2020.03.15-11.15.41:478][  0]LogConfig: Setting CVar [[r.SkyAtmosphere.AerialPerspectiveLUT.FastApplyOnOpaque:1 ; Always have FastSkyLUT 1 in this case to avoid wrong sky]]
[2020.03.15-11.15.41:478][  0]LogConfig: Setting CVar [[r.SkyAtmosphere.AerialPerspectiveLUT.SampleCountPerSlice:1]]
[2020.03.15-11.15.41:478][  0]LogConfig: Setting CVar [[r.SkyAtmosphere.AerialPerspectiveLUT.DepthResolution:16.0]]
[2020.03.15-11.15.41:478][  0]LogConfig: Setting CVar [[r.SkyAtmosphere.FastSkyLUT:1]]
[2020.03.15-11.15.41:478][  0]LogConfig: Setting CVar [[r.SkyAtmosphere.FastSkyLUT.SampleCountMin:4.0]]
[2020.03.15-11.15.41:478][  0]LogConfig: Setting CVar [[r.SkyAtmosphere.FastSkyLUT.SampleCountMax:32.0]]
[2020.03.15-11.15.41:478][  0]LogConfig: Setting CVar [[r.SkyAtmosphere.SampleCountMin:4.0]]
[2020.03.15-11.15.41:478][  0]LogConfig: Setting CVar [[r.SkyAtmosphere.SampleCountMax:32.0]]
[2020.03.15-11.15.41:478][  0]LogConfig: Setting CVar [[r.SkyAtmosphere.TransmittanceLUT.UseSmallFormat:0]]
[2020.03.15-11.15.41:478][  0]LogConfig: Setting CVar [[r.SkyAtmosphere.TransmittanceLUT.SampleCount:10.0]]
[2020.03.15-11.15.41:478][  0]LogConfig: Setting CVar [[r.SkyAtmosphere.MultiScatteringLUT.SampleCount:15.0]]
[2020.03.15-11.15.41:478][  0]LogConfig: Applying CVar settings from Section [FoliageQuality@3] File [D:/Github/OurVRProject/VRGame/Saved/Config/Windows/Scalability.ini]
[2020.03.15-11.15.41:478][  0]LogConfig: Setting CVar [[foliage.DensityScale:1.0]]
[2020.03.15-11.15.41:478][  0]LogConfig: Setting CVar [[grass.DensityScale:1.0]]
[2020.03.15-11.15.41:478][  0]LogConfig: Applying CVar settings from Section [ShadingQuality@3] File [D:/Github/OurVRProject/VRGame/Saved/Config/Windows/Scalability.ini]
[2020.03.15-11.15.41:478][  0]LogConfig: Setting CVar [[r.HairStrands.SkyLighting.SampleCount:16]]
[2020.03.15-11.15.41:478][  0]LogConfig: Setting CVar [[r.HairStrands.SkyLighting.JitterIntegration:0]]
[2020.03.15-11.15.41:479][  0]LogConfig: Setting CVar [[r.HairStrands.SkyAO.SampleCount:16]]
[2020.03.15-11.15.41:479][  0]LogConfig: Applying CVar settings from Section [Startup] File [../../../Engine/Config/ConsoleVariables.ini]
[2020.03.15-11.15.41:491][  0]LogConfig: Setting CVar [[net.UseAdaptiveNetUpdateFrequency:0]]
[2020.03.15-11.15.41:491][  0]LogConfig: Setting CVar [[p.chaos.AllowCreatePhysxBodies:1]]
[2020.03.15-11.15.41:491][  0]LogConfig: Applying CVar settings from Section [ConsoleVariables] File [D:/Github/OurVRProject/VRGame/Saved/Config/Windows/Engine.ini]
[2020.03.15-11.15.41:492][  0]LogInit: Computer: MICROSO-7UA7U5D
[2020.03.15-11.15.41:492][  0]LogInit: User: HiWin10
[2020.03.15-11.15.41:492][  0]LogInit: CPU Page size=4096, Cores=4
[2020.03.15-11.15.41:492][  0]LogInit: High frequency timer resolution =10.000000 MHz
[2020.03.15-11.15.41:492][  0]LogMemory: Memory total: Physical=7.9GB (8GB approx)
[2020.03.15-11.15.41:492][  0]LogMemory: Platform Memory Stats for Windows
[2020.03.15-11.15.41:492][  0]LogMemory: Process Physical Memory: 104.94 MB used, 104.94 MB peak
[2020.03.15-11.15.41:492][  0]LogMemory: Process Virtual Memory: 100.61 MB used, 100.61 MB peak
[2020.03.15-11.15.41:492][  0]LogMemory: Physical Memory: 5344.21 MB used,  2761.77 MB free, 8105.99 MB total
[2020.03.15-11.15.41:492][  0]LogMemory: Virtual Memory: 5140.61 MB used,  134212584.00 MB free, 134217728.00 MB total
[2020.03.15-11.15.41:497][  0]LogWindows: WindowsPlatformFeatures enabled
[2020.03.15-11.15.42:339][  0]LogInit: Using OS detected language (zh-CN).
[2020.03.15-11.15.42:339][  0]LogInit: Using OS detected locale (zh-CN).
[2020.03.15-11.15.42:351][  0]LogTextLocalizationManager: No specific localization for 'zh-CN' exists, so the 'zh-Hans' localization will be used.
[2020.03.15-11.15.42:956][  0]LogTextLocalizationResource: LocRes '../../../Engine/Content/Localization/Editor/zh/Editor.locres' could not be opened for reading!
[2020.03.15-11.15.42:956][  0]LogTextLocalizationResource: LocRes '../../../Engine/Content/Localization/EditorTutorials/zh/EditorTutorials.locres' could not be opened for reading!
[2020.03.15-11.15.42:956][  0]LogTextLocalizationResource: LocRes '../../../Engine/Content/Localization/Keywords/zh/Keywords.locres' could not be opened for reading!
[2020.03.15-11.15.42:956][  0]LogTextLocalizationResource: LocRes '../../../Engine/Content/Localization/Category/zh/Category.locres' could not be opened for reading!
[2020.03.15-11.15.42:957][  0]LogTextLocalizationResource: LocRes '../../../Engine/Content/Localization/ToolTips/zh/ToolTips.locres' could not be opened for reading!
[2020.03.15-11.15.42:957][  0]LogTextLocalizationResource: LocRes '../../../Engine/Content/Localization/PropertyNames/zh/PropertyNames.locres' could not be opened for reading!
[2020.03.15-11.15.42:957][  0]LogTextLocalizationResource: LocRes '../../../Engine/Content/Localization/Engine/zh/Engine.locres' could not be opened for reading!
[2020.03.15-11.15.42:957][  0]LogTextLocalizationResource: LocRes '../../../Engine/Plugins/Online/Android/OnlineSubsystemGooglePlay/Content/Localization/OnlineSubsystemGooglePlay/zh/OnlineSubsystemGooglePlay.locres' could not be opened for reading!
[2020.03.15-11.15.42:957][  0]LogTextLocalizationResource: LocRes '../../../Engine/Plugins/Online/IOS/OnlineSubsystemIOS/Content/Localization/OnlineSubsystemIOS/zh/OnlineSubsystemIOS.locres' could not be opened for reading!
[2020.03.15-11.15.42:957][  0]LogTextLocalizationResource: LocRes '../../../Engine/Plugins/Online/OnlineSubsystem/Content/Localization/OnlineSubsystem/zh/OnlineSubsystem.locres' could not be opened for reading!
[2020.03.15-11.15.42:957][  0]LogTextLocalizationResource: LocRes '../../../Engine/Plugins/Online/OnlineSubsystemUtils/Content/Localization/OnlineSubsystemUtils/zh/OnlineSubsystemUtils.locres' could not be opened for reading!
[2020.03.15-11.15.42:986][  0]LogInit: Setting process to per monitor DPI aware
[2020.03.15-11.15.43:438][  0]LogSlate: New Slate User Created.  User Index 0, Is Virtual User: 0
[2020.03.15-11.15.43:438][  0]LogSlate: Slate User Registered.  User Index 0, Is Virtual User: 0
[2020.03.15-11.15.56:204][  0]LogHMD: Failed to initialize OpenVR with code 108
[2020.03.15-11.15.56:204][  0]LogD3D11RHI: D3D11 min allowed feature level: 11_0
[2020.03.15-11.15.56:204][  0]LogD3D11RHI: D3D11 max allowed feature level: 11_0
[2020.03.15-11.15.56:204][  0]LogD3D11RHI: D3D11 adapters:
[2020.03.15-11.15.56:292][  0]LogD3D11RHI:    0. 'NVIDIA GeForce GTX 960M' (Feature Level 11_0)
[2020.03.15-11.15.56:292][  0]LogD3D11RHI:       4065/0/4052 MB DedicatedVideo/DedicatedSystem/SharedSystem, Outputs:1, VendorId:0x10de
[2020.03.15-11.15.56:311][  0]LogD3D11RHI:    1. 'Intel(R) HD Graphics 530' (Feature Level 11_0)
[2020.03.15-11.15.56:311][  0]LogD3D11RHI:       128/0/4052 MB DedicatedVideo/DedicatedSystem/SharedSystem, Outputs:0, VendorId:0x8086
[2020.03.15-11.15.56:313][  0]LogD3D11RHI:    2. 'Microsoft Basic Render Driver' (Feature Level 11_0)
[2020.03.15-11.15.56:313][  0]LogD3D11RHI:       0/0/4052 MB DedicatedVideo/DedicatedSystem/SharedSystem, Outputs:0, VendorId:0x1414
[2020.03.15-11.15.56:313][  0]LogD3D11RHI: Chosen D3D11 Adapter: 0
[2020.03.15-11.15.56:367][  0]LogD3D11RHI: Creating new Direct3DDevice
[2020.03.15-11.15.56:367][  0]LogD3D11RHI:     GPU DeviceId: 0x139b (for the marketing name, search the web for "GPU Device Id")
[2020.03.15-11.15.56:367][  0]LogWindows: EnumDisplayDevices:
[2020.03.15-11.15.56:367][  0]LogWindows:    0. 'Intel(R) HD Graphics 530' (P:1 D:1)
[2020.03.15-11.15.56:368][  0]LogWindows:    1. 'Intel(R) HD Graphics 530' (P:0 D:0)
[2020.03.15-11.15.56:368][  0]LogWindows:    2. 'Intel(R) HD Graphics 530' (P:0 D:0)
[2020.03.15-11.15.56:369][  0]LogWindows: DebugString: PrimaryIsNotTheChoosenAdapter PrimaryIsNotTheChoosenAdapter PrimaryIsNotTheChoosenAdapter FoundDriverCount:0 
[2020.03.15-11.15.56:369][  0]LogD3D11RHI:     Adapter Name: NVIDIA GeForce GTX 960M
[2020.03.15-11.15.56:369][  0]LogD3D11RHI:   Driver Version: Unknown (internal:Unknown, unified:Unknown)
[2020.03.15-11.15.56:369][  0]LogD3D11RHI:      Driver Date: Unknown
[2020.03.15-11.15.56:369][  0]LogRHI: Texture pool is 2846 MB (70% of 4065 MB)
[2020.03.15-11.15.56:402][  0]LogD3D11RHI: RHI does not have support for 64 bit atomics
[2020.03.15-11.15.56:403][  0]LogD3D11RHI: Async texture creation enabled
[2020.03.15-11.15.57:783][  0]LogD3D11RHI: GPU Timing Frequency: 1000.000000 (Debug: 2 1)
[2020.03.15-11.15.59:352][  0]LogTargetPlatformManager: Display: Loaded TargetPlatform 'AllDesktop'
[2020.03.15-11.15.59:546][  0]LogTargetPlatformManager: Display: Loaded TargetPlatform 'Android'
[2020.03.15-11.15.59:546][  0]LogTargetPlatformManager: Display: Loaded TargetPlatform 'Android_ASTC'
[2020.03.15-11.15.59:546][  0]LogTargetPlatformManager: Display: Loaded TargetPlatform 'Android_ATC'
[2020.03.15-11.15.59:546][  0]LogTargetPlatformManager: Display: Loaded TargetPlatform 'Android_DXT'
[2020.03.15-11.15.59:546][  0]LogTargetPlatformManager: Display: Loaded TargetPlatform 'Android_ETC1'
[2020.03.15-11.15.59:546][  0]LogTargetPlatformManager: Display: Loaded TargetPlatform 'Android_ETC1a'
[2020.03.15-11.15.59:546][  0]LogTargetPlatformManager: Display: Loaded TargetPlatform 'Android_ETC2'
[2020.03.15-11.15.59:546][  0]LogTargetPlatformManager: Display: Loaded TargetPlatform 'Android_PVRTC'
[2020.03.15-11.15.59:546][  0]LogTargetPlatformManager: Display: Loaded TargetPlatform 'AndroidClient'
[2020.03.15-11.15.59:546][  0]LogTargetPlatformManager: Display: Loaded TargetPlatform 'Android_ASTCClient'
[2020.03.15-11.15.59:546][  0]LogTargetPlatformManager: Display: Loaded TargetPlatform 'Android_ATCClient'
[2020.03.15-11.15.59:546][  0]LogTargetPlatformManager: Display: Loaded TargetPlatform 'Android_DXTClient'
[2020.03.15-11.15.59:546][  0]LogTargetPlatformManager: Display: Loaded TargetPlatform 'Android_ETC1Client'
[2020.03.15-11.15.59:546][  0]LogTargetPlatformManager: Display: Loaded TargetPlatform 'Android_ETC1aClient'
[2020.03.15-11.15.59:546][  0]LogTargetPlatformManager: Display: Loaded TargetPlatform 'Android_ETC2Client'
[2020.03.15-11.15.59:546][  0]LogTargetPlatformManager: Display: Loaded TargetPlatform 'Android_PVRTCClient'
[2020.03.15-11.15.59:546][  0]LogTargetPlatformManager: Display: Loaded TargetPlatform 'Android_Multi'
[2020.03.15-11.15.59:546][  0]LogTargetPlatformManager: Display: Loaded TargetPlatform 'Android_MultiClient'
[2020.03.15-11.15.59:787][  0]LogTargetPlatformManager: Display: Loaded TargetPlatform 'IOSClient'
[2020.03.15-11.15.59:787][  0]LogTargetPlatformManager: Display: Loaded TargetPlatform 'IOS'
[2020.03.15-11.15.59:833][  0]LogTargetPlatformManager: Display: Loaded TargetPlatform 'LinuxNoEditor'
[2020.03.15-11.15.59:879][  0]LogTargetPlatformManager: Display: Loaded TargetPlatform 'LinuxClient'
[2020.03.15-11.16.00:018][  0]LogTargetPlatformManager: Display: Loaded TargetPlatform 'LinuxServer'
[2020.03.15-11.16.00:060][  0]LogTargetPlatformManager: Display: Loaded TargetPlatform 'LinuxAArch64NoEditor'
[2020.03.15-11.16.00:108][  0]LogTargetPlatformManager: Display: Loaded TargetPlatform 'LinuxAArch64Client'
[2020.03.15-11.16.00:142][  0]LogTargetPlatformManager: Display: Loaded TargetPlatform 'LinuxAArch64Server'
[2020.03.15-11.16.00:216][  0]LogTargetPlatformManager: Display: Loaded TargetPlatform 'Lumin'
[2020.03.15-11.16.00:216][  0]LogTargetPlatformManager: Display: Loaded TargetPlatform 'LuminClient'
[2020.03.15-11.16.00:266][  0]LogTargetPlatformManager: Display: Loaded TargetPlatform 'TVOSClient'
[2020.03.15-11.16.00:266][  0]LogTargetPlatformManager: Display: Loaded TargetPlatform 'TVOS'
[2020.03.15-11.16.00:303][  0]LogTargetPlatformManager: Display: Loaded TargetPlatform 'WindowsNoEditor'
[2020.03.15-11.16.00:342][  0]LogTargetPlatformManager: Display: Loaded TargetPlatform 'Windows'
[2020.03.15-11.16.00:386][  0]LogTargetPlatformManager: Display: Loaded TargetPlatform 'WindowsClient'
[2020.03.15-11.16.00:421][  0]LogTargetPlatformManager: Display: Loaded TargetPlatform 'WindowsServer'
[2020.03.15-11.16.00:421][  0]LogTargetPlatformManager: Display: Building Assets For Windows
[2020.03.15-11.16.00:724][  0]LogAudioDebug: Display: Lib vorbis DLL was dynamically loaded.
[2020.03.15-11.16.03:783][  0]LogShaderCompilers: Guid format shader working directory is 3 characters bigger than the processId version (../../../../../../Github/OurVRProject/VRGame/Intermediate/Shaders/WorkingDirectory/12860/).
[2020.03.15-11.16.03:784][  0]LogShaderCompilers: Cleaned the shader compiler working directory 'C:/Users/HiWin10/AppData/Local/Temp/UnrealShaderWorkingDir/ACFBF4404BAFE82C4CAB8B9E323F9BE4/'.
[2020.03.15-11.16.03:784][  0]LogXGEController: Cannot use XGE Controller as Incredibuild is not installed on this machine.
[2020.03.15-11.16.03:784][  0]LogShaderCompilers: Cannot use XGE Shader Compiler as Incredibuild is not installed on this machine.
[2020.03.15-11.16.03:784][  0]LogShaderCompilers: Display: Using Local Shader Compiler.
[2020.03.15-11.16.14:467][  0]LogDerivedDataCache: Display: Max Cache Size: 512 MB
[2020.03.15-11.16.14:767][  0]LogDerivedDataCache: Loaded boot cache 0.30s 100MB C:/Users/HiWin10/AppData/Local/UnrealEngine/4.24/DerivedDataCache/Boot.ddc.
[2020.03.15-11.16.14:767][  0]LogDerivedDataCache: Display: Loaded Boot cache: C:/Users/HiWin10/AppData/Local/UnrealEngine/4.24/DerivedDataCache/Boot.ddc
[2020.03.15-11.16.14:768][  0]LogDerivedDataCache: FDerivedDataBackendGraph:  Pak pak cache file ../../../../../../Github/OurVRProject/VRGame/DerivedDataCache/DDC.ddp not found, will not use a pak cache.
[2020.03.15-11.16.14:768][  0]LogDerivedDataCache: Unable to find inner node Pak for hierarchical cache Hierarchy.
[2020.03.15-11.16.14:768][  0]LogDerivedDataCache: FDerivedDataBackendGraph:  CompressedPak pak cache file ../../../../../../Github/OurVRProject/VRGame/DerivedDataCache/Compressed.ddp not found, will not use a pak cache.
[2020.03.15-11.16.14:768][  0]LogDerivedDataCache: Unable to find inner node CompressedPak for hierarchical cache Hierarchy.
[2020.03.15-11.16.14:815][  0]LogDerivedDataCache: Display: Pak cache opened for reading ../../../Engine/DerivedDataCache/Compressed.ddp.
[2020.03.15-11.16.14:815][  0]LogDerivedDataCache: FDerivedDataBackendGraph:  EnterprisePak pak cache file ../../../Enterprise/DerivedDataCache/Compressed.ddp not found, will not use a pak cache.
[2020.03.15-11.16.14:815][  0]LogDerivedDataCache: Unable to find inner node EnterprisePak for hierarchical cache Hierarchy.
[2020.03.15-11.16.14:817][  0]LogDerivedDataCache: Using Local data cache path C:/Users/HiWin10/AppData/Local/UnrealEngine/Common/DerivedDataCache: Writable
[2020.03.15-11.16.14:817][  0]LogDerivedDataCache: Shared data cache path not found in *engine.ini, will not use an Shared cache.
[2020.03.15-11.16.14:817][  0]LogDerivedDataCache: Unable to find inner node Shared for hierarchical cache Hierarchy.
[2020.03.15-11.16.14:855][  0]LogMaterial: Verifying Global Shaders for PCD3D_SM5
[2020.03.15-11.16.14:872][  0]LogSlate: Using FreeType 2.10.0
[2020.03.15-11.16.14:952][  0]LogSlate: SlateFontServices - WITH_FREETYPE: 1, WITH_HARFBUZZ: 1
[2020.03.15-11.16.16:632][  0]LogAssetRegistry: FAssetRegistry took 0.0034 seconds to start up
[2020.03.15-11.16.20:959][  0]LogInit: Selected Device Profile: [Windows]
[2020.03.15-11.16.25:637][  0]LogMeshReduction: Using QuadricMeshReduction for automatic static mesh reduction
[2020.03.15-11.16.25:637][  0]LogMeshReduction: Using SimplygonMeshReduction for automatic skeletal mesh reduction
[2020.03.15-11.16.25:637][  0]LogMeshReduction: Using ProxyLODMeshReduction for automatic mesh merging
[2020.03.15-11.16.25:637][  0]LogMeshReduction: No distributed automatic mesh merging module available
[2020.03.15-11.16.25:638][  0]LogMeshMerging: No distributed automatic mesh merging module available
[2020.03.15-11.16.25:765][  0]LogNetVersion: VRGame 1.0.0, NetCL: 10570792, EngineNetVer: 13, GameNetVer: 0 (Checksum: 1158588464)
[2020.03.15-11.17.00:059][  0]LogPackageLocalizationCache: Processed 10 localized package path(s) for 2 prioritized culture(s) in 0.089569 seconds
[2020.03.15-11.17.00:084][  0]LogUObjectArray: 46750 objects as part of root set at end of initial load.
[2020.03.15-11.17.00:084][  0]LogUObjectAllocator: 8137160 out of 0 bytes used by permanent object pool.
[2020.03.15-11.17.00:084][  0]LogUObjectArray: CloseDisregardForGC: 0/0 objects in disregard for GC pool
[2020.03.15-11.17.07:764][  0]LogTcpMessaging: Initializing TcpMessaging bridge
[2020.03.15-11.17.07:858][  0]LogUdpMessaging: Initializing bridge on interface 0.0.0.0:0 to multicast group 230.0.0.1:6666.
[2020.03.15-11.17.09:284][  0]SourceControl: 源码管理已禁用
[2020.03.15-11.17.09:284][  0]SourceControl: 源码管理已禁用
[2020.03.15-11.17.09:565][  0]SourceControl: 源码管理已禁用
[2020.03.15-11.17.09:625][  0]SourceControl: 源码管理已禁用
[2020.03.15-11.17.09:690][  0]SourceControl: 源码管理已禁用
[2020.03.15-11.17.12:313][  0]LogAndroidPermission: UAndroidPermissionCallbackProxy::GetInstance
[2020.03.15-11.17.12:711][  0]LogAudioCaptureCore: Display: No Audio Capture implementations found. Audio input will be silent.
[2020.03.15-11.17.12:711][  0]LogAudioCaptureCore: Display: No Audio Capture implementations found. Audio input will be silent.
[2020.03.15-11.17.13:616][  0]LogOcInput: OculusInput pre-init called
[2020.03.15-11.17.13:772][  0]LogWindows: Failed to load 'OVRPlugin.dll' (GetLastError=126)
[2020.03.15-11.17.13:772][  0]LogWindows: File 'OVRPlugin.dll' does not exist
[2020.03.15-11.17.15:139][  0]LogEngine: Initializing Engine...
[2020.03.15-11.17.15:294][  0]LogHMD: Failed to initialize OpenVR with code 108
[2020.03.15-11.17.15:474][  0]LogStats: UGameplayTagsManager::InitializeManager -  0.138 s
[2020.03.15-11.17.16:009][  0]LogInit: Initializing FReadOnlyCVARCache
[2020.03.15-11.17.16:240][  0]LogAIModule: Creating AISystem for world Untitled
[2020.03.15-11.17.16:335][  0]LogAudioMixer: Display: Audio Mixer Platform Settings:
[2020.03.15-11.17.16:335][  0]LogAudioMixer: Display: 	Sample Rate:						  48000
[2020.03.15-11.17.16:335][  0]LogAudioMixer: Display: 	Callback Buffer Frame Size Requested: 1024
[2020.03.15-11.17.16:335][  0]LogAudioMixer: Display: 	Callback Buffer Frame Size To Use:	  1024
[2020.03.15-11.17.16:335][  0]LogAudioMixer: Display: 	Number of buffers to queue:			  2
[2020.03.15-11.17.16:335][  0]LogAudioMixer: Display: 	Max Channels (voices):				  32
[2020.03.15-11.17.16:335][  0]LogAudioMixer: Display: 	Number of Async Source Workers:		  0
[2020.03.15-11.17.16:335][  0]LogAudio: Display: AudioDevice MaxSources: 32
[2020.03.15-11.17.16:335][  0]LogAudio: Display: Using built-in audio occlusion.
[2020.03.15-11.17.16:336][  0]LogAudioMixer: Display: Initializing audio mixer.
[2020.03.15-11.17.16:379][  0]LogAudioMixer: Display: Audio Device Output Speaker Info:
[2020.03.15-11.17.16:379][  0]LogAudioMixer: Display: Name: 扬声器 (Realtek High Definition Audio)
[2020.03.15-11.17.16:379][  0]LogAudioMixer: Display: Is Default: Yes
[2020.03.15-11.17.16:379][  0]LogAudioMixer: Display: Sample Rate: 48000
[2020.03.15-11.17.16:379][  0]LogAudioMixer: Display: Channel Count Used: 2
[2020.03.15-11.17.16:379][  0]LogAudioMixer: Display: Device Channel Count: 2
[2020.03.15-11.17.16:379][  0]LogAudioMixer: Display: Channel Order:
[2020.03.15-11.17.16:379][  0]LogAudioMixer: Display: 0: FrontLeft
[2020.03.15-11.17.16:379][  0]LogAudioMixer: Display: 1: FrontRight
[2020.03.15-11.17.16:406][  0]LogAudioMixer: Display: Using Audio Device 扬声器 (Realtek High Definition Audio)
[2020.03.15-11.17.16:413][  0]LogInit: FAudioDevice initialized.
[2020.03.15-11.17.16:413][  0]LogNetVersion: Set ProjectVersion to 1.0.0.0. Version Checksum will be recalculated on next use.
[2020.03.15-11.17.16:549][  0]LogDerivedDataCache: Saved boot cache 0.14s 78MB C:/Users/HiWin10/AppData/Local/UnrealEngine/4.24/DerivedDataCache/Boot.ddc.
[2020.03.15-11.17.16:570][  0]LogInit: Texture streaming: Enabled
[2020.03.15-11.17.16:828][  0]LogEngineSessionManager: EngineSessionManager initialized
[2020.03.15-11.17.16:828][  0]LogEditorSessionSummary: Verbose: Initializing EditorSessionSummaryWriter for editor session tracking
[2020.03.15-11.17.16:846][  0]LogEditorSessionSummary: EditorSessionSummaryWriter initialized
[2020.03.15-11.17.17:207][  0]LogInit: Transaction tracking system initialized
[2020.03.15-11.17.17:720][  0]BlueprintLog: New page: 编辑器加载
[2020.03.15-11.17.18:804][  0]LocalizationService: 本地化服务已禁用
[2020.03.15-11.17.20:862][  0]LogFileCache: Scanning file cache for directory 'D:/Github/OurVRProject/VRGame/Content/' took 0.00s
[2020.03.15-11.17.20:862][  0]LogCook: Display: Max memory allowance for cook 16384mb min free memory 0mb
[2020.03.15-11.17.20:862][  0]LogCook: Display: Mobile HDR setting 1
[2020.03.15-11.17.26:653][  0]SourceControl: 源码管理已禁用
[2020.03.15-11.17.26:664][  0]Cmd: MAP LOAD FILE="../../../../../../Github/OurVRProject/VRGame/Content/FirstPersonBP/Maps/FirstPersonExampleMap.umap" TEMPLATE=0 SHOWPROGRESS=1 FEATURELEVEL=3
[2020.03.15-11.17.26:678][  0]LightingResults: New page: 光照构建
[2020.03.15-11.17.26:729][  0]LogWorld: UWorld::CleanupWorld for Untitled, bSessionEnded=true, bCleanupResources=true
[2020.03.15-11.17.26:729][  0]LogSlate: InvalidateAllWidgets triggered.  All widgets were invalidated
[2020.03.15-11.17.26:729][  0]MapCheck: New page: 地图检测
[2020.03.15-11.17.26:729][  0]LightingResults: New page: 光照构建
[2020.03.15-11.17.26:758][  0]LogUObjectHash: Compacting FUObjectHashTables data took   2.84ms
[2020.03.15-11.17.28:025][  0]LogTexture: Display: 正在编译纹理：HQ_Lightmap1_5（AutoDXT、64X64）
[2020.03.15-11.17.28:025][  0]LogTexture: Display: 正在编译纹理：HQ_Lightmap1_4（AutoDXT、2048X2048）
[2020.03.15-11.17.28:025][  0]LogTexture: Display: 正在编译纹理：LQ_Lightmap_1_1（DXT1、2048X2048）
[2020.03.15-11.17.28:025][  0]LogTexture: Display: 正在编译纹理：HQ_Lightmap1_2（AutoDXT、2048X2048）
[2020.03.15-11.17.28:025][  0]LogTexture: Display: 正在编译纹理：HQ_Lightmap1_1（AutoDXT、2048X2048）
[2020.03.15-11.17.28:025][  0]LogTexture: Display: 正在编译纹理：HQ_Lightmap1_3（AutoDXT、2048X2048）
[2020.03.15-11.17.30:411][  0]LogTexture: Display: 正在编译纹理：LQ_Lightmap_1_2（DXT1、2048X2048）
[2020.03.15-11.17.30:411][  0]LogTexture: Display: 正在编译纹理：LQ_Lightmap_1_3（DXT1、2048X2048）
[2020.03.15-11.17.30:411][  0]LogTexture: Display: 正在编译纹理：LQ_Lightmap_1_4（DXT1、2048X2048）
[2020.03.15-11.17.30:411][  0]LogTexture: Display: 正在编译纹理：LQ_Lightmap_1_5（DXT1、64X64）
[2020.03.15-11.17.30:411][  0]LogTexture: Display: 正在编译纹理：SkyOcclusion1_1（AutoDXT、2048X1024）
[2020.03.15-11.17.30:411][  0]LogTexture: Display: 正在编译纹理：SkyOcclusion1_2（AutoDXT、2048X1024）
[2020.03.15-11.17.30:411][  0]LogTexture: Display: 正在编译纹理：SkyOcclusion1_3（AutoDXT、2048X1024）
[2020.03.15-11.17.30:411][  0]LogTexture: Display: 正在编译纹理：SkyOcclusion1_4（AutoDXT、2048X1024）
[2020.03.15-11.17.30:411][  0]LogTexture: Display: 正在编译纹理：SkyOcclusion1_5（AutoDXT、64X32）
[2020.03.15-11.17.30:411][  0]LogTexture: Display: 正在编译纹理：ShadowMapTexture2D_10（G8、1024X1024）
[2020.03.15-11.17.30:411][  0]LogTexture: Display: 正在编译纹理：ShadowMapTexture2D_11（G8、1024X1024）
[2020.03.15-11.17.30:411][  0]LogTexture: Display: 正在编译纹理：ShadowMapTexture2D_12（G8、1024X1024）
[2020.03.15-11.17.30:411][  0]LogTexture: Display: 正在编译纹理：ShadowMapTexture2D_13（G8、1024X1024）
[2020.03.15-11.17.30:411][  0]LogTexture: Display: 正在编译纹理：ShadowMapTexture2D_14（G8、1024X1024）
[2020.03.15-11.17.30:411][  0]LogTexture: Display: 正在编译纹理：ShadowMapTexture2D_15（G8、32X32）
[2020.03.15-11.17.30:411][  0]LogTexture: Display: 正在编译纹理：ShadowMapTexture2D_8（G8、1024X1024）
[2020.03.15-11.17.30:411][  0]LogTexture: Display: 正在编译纹理：ShadowMapTexture2D_9（G8、1024X1024）
[2020.03.15-11.17.30:412][  0]LogAIModule: Creating AISystem for world FirstPersonExampleMap
[2020.03.15-11.17.30:840][  0]LogEditorServer: Finished looking for orphan Actors (0.000 secs)
[2020.03.15-11.17.31:045][  0]LogUObjectHash: Compacting FUObjectHashTables data took   2.59ms
[2020.03.15-11.17.31:086][  0]Cmd: MAP CHECKDEP NOCLEARLOG
[2020.03.15-11.17.31:087][  0]MapCheck: 地图检测完成：0个错误、0个警告、完成用时0.274毫秒。
[2020.03.15-11.17.31:087][  0]LogFileHelpers: Loading map 'FirstPersonExampleMap' took 4.423
[2020.03.15-11.17.32:026][  0]LogSlate: Updating window title bar state: overlay mode, drag disabled, window buttons hidden, title bar hidden
[2020.03.15-11.17.32:094][  0]LogSlate: Updating window title bar state: overlay mode, drag disabled, window buttons hidden, title bar hidden
[2020.03.15-11.17.32:102][  0]LogSlate: Updating window title bar state: overlay mode, drag disabled, window buttons hidden, title bar hidden
[2020.03.15-11.17.32:109][  0]LogSlate: Updating window title bar state: overlay mode, drag disabled, window buttons hidden, title bar hidden
[2020.03.15-11.17.32:238][  0]LogCollectionManager: Loaded 0 collections in 0.000735 seconds
[2020.03.15-11.17.32:409][  0]LogFileCache: Scanning file cache for directory 'D:/Github/OurVRProject/VRGame/Saved/Collections/' took 0.00s
[2020.03.15-11.17.32:409][  0]LogFileCache: Scanning file cache for directory 'D:/Github/OurVRProject/VRGame/Content/Developers/HiWin10/Collections/' took 0.00s
[2020.03.15-11.17.32:409][  0]LogFileCache: Scanning file cache for directory 'D:/Github/OurVRProject/VRGame/Content/Collections/' took 0.00s
[2020.03.15-11.17.32:409][  0]LogContentBrowser: Native class hierarchy populated in 0.0099 seconds. Added 3015 classes and 717 folders.
[2020.03.15-11.17.32:495][  0]LogContentBrowser: Native class hierarchy updated for 'WidgetCarousel' in 0.0003 seconds. Added 0 classes and 0 folders.
[2020.03.15-11.17.33:612][  0]LogContentBrowser: Native class hierarchy updated for 'AddContentDialog' in 0.0002 seconds. Added 0 classes and 0 folders.
[2020.03.15-11.17.33:672][  0]LogContentBrowser: Native class hierarchy updated for 'SceneOutliner' in 0.0002 seconds. Added 2 classes and 3 folders.
[2020.03.15-11.17.34:091][  0]LogSlate: Took 0.023043 seconds to synchronously load lazily loaded font '../../../Engine/Content/Slate/Fonts/Roboto-Regular.ttf' (155K)
[2020.03.15-11.17.34:167][  0]LogSlate: Took 0.067650 seconds to synchronously load lazily loaded font '../../../Engine/Content/Slate/Fonts/DroidSansFallback.ttf' (3848K)
[2020.03.15-11.17.34:187][  0]LogSlate: Took 0.019757 seconds to synchronously load lazily loaded font '../../../Engine/Content/Slate/Fonts/Roboto-Bold.ttf' (160K)
[2020.03.15-11.17.34:239][  0]LogSlate: Took 0.022805 seconds to synchronously load lazily loaded font '../../../Engine/Content/Editor/Slate/Fonts/FontAwesome.ttf' (139K)
[2020.03.15-11.17.34:646][  0]LogRenderer: Reallocating scene render targets to support 1208x572 Format 10 NumSamples 1 (Frame:1).
[2020.03.15-11.17.35:237][  0]LogContentBrowser: Native class hierarchy updated for 'HierarchicalLODOutliner' in 0.0003 seconds. Added 0 classes and 0 folders.
[2020.03.15-11.17.35:237][  0]LogLoad: (Engine Initialization) Total time: 145.76 seconds
[2020.03.15-11.17.35:237][  0]LogLoad: (Engine Initialization) Total Blueprint compile time: 0.00 seconds
[2020.03.15-11.17.35:364][  0]LogContentStreaming: Texture pool size now 1000 MB
[2020.03.15-11.17.35:554][  0]LogSlate: Took 0.025400 seconds to synchronously load lazily loaded font '../../../Engine/Content/Slate/Fonts/Roboto-Light.ttf' (167K)
[2020.03.15-11.17.35:646][  1]LogAssetRegistry: Asset discovery search completed in 79.0151 seconds
[2020.03.15-11.17.35:666][  1]LogCollectionManager: Fixed up redirectors for 0 collections in 0.000039 seconds (updated 0 objects)
[2020.03.15-13.26.35:428][ 26]LogHttp: Warning: 0000021EF88B9300: invalid HTTP response code received. URL: https://datarouter.ol.epicgames.com/datarouter/api/v1/public/data?SessionID=%7BDE7615F2-4172-BA05-1DEF-4687176506E9%7D&AppID=UEEditor.Rocket.Release&AppVersion=4.24.2-11100242%2B%2B%2BUE4%2BRelease-4.24&UserID=243c59a4450b1664f047e1977132992a%7C2cda664b9fce41f5aafd57382fc5ea96%7C3cf8b831-eb24-43fb-b7cf-6a1da3f7ced5&AppEnvironment=datacollector-binary&UploadType=eteventstream, HTTP code: 0, content length: 0, actual payload size: 0
[2020.03.15-13.26.35:428][ 26]LogHttp: Warning: 0000021EF88B9300: request failed, libcurl error: 6 (Couldn't resolve host name)
[2020.03.15-13.26.35:428][ 26]LogHttp: Warning: 0000021EF88B9300: libcurl info message cache 0 (Connection 55 seems to be dead!)
[2020.03.15-13.26.35:428][ 26]LogHttp: Warning: 0000021EF88B9300: libcurl info message cache 1 (Closing connection 55)
[2020.03.15-13.26.35:428][ 26]LogHttp: Warning: 0000021EF88B9300: libcurl info message cache 2 (TLSv1.2 (OUT), TLS alert, Client hello (1):)
[2020.03.15-13.26.35:428][ 26]LogHttp: Warning: 0000021EF88B9300: libcurl info message cache 3 (Could not resolve host: datarouter.ol.epicgames.com)
[2020.03.15-13.26.35:428][ 26]LogHttp: Warning: 0000021EF88B9300: libcurl info message cache 4 (Closing connection 56)
[2020.03.15-13.26.35:428][ 26]LogHttp: Warning: Retry exhausted on https://datarouter.ol.epicgames.com/datarouter/api/v1/public/data?SessionID=%7BDE7615F2-4172-BA05-1DEF-4687176506E9%7D&AppID=UEEditor.Rocket.Release&AppVersion=4.24.2-11100242%2B%2B%2BUE4%2BRelease-4.24&UserID=243c59a4450b1664f047e1977132992a%7C2cda664b9fce41f5aafd57382fc5ea96%7C3cf8b831-eb24-43fb-b7cf-6a1da3f7ced5&AppEnvironment=datacollector-binary&UploadType=eteventstream
[2020.03.15-14.09.35:707][702]LogHttp: Warning: 0000021EF88B9300: invalid HTTP response code received. URL: https://datarouter.ol.epicgames.com/datarouter/api/v1/public/data?SessionID=%7BDE7615F2-4172-BA05-1DEF-4687176506E9%7D&AppID=UEEditor.Rocket.Release&AppVersion=4.24.2-11100242%2B%2B%2BUE4%2BRelease-4.24&UserID=243c59a4450b1664f047e1977132992a%7C2cda664b9fce41f5aafd57382fc5ea96%7C3cf8b831-eb24-43fb-b7cf-6a1da3f7ced5&AppEnvironment=datacollector-binary&UploadType=eteventstream, HTTP code: 0, content length: 0, actual payload size: 0
[2020.03.15-14.09.35:707][702]LogHttp: Warning: 0000021EF88B9300: request failed, libcurl error: 6 (Couldn't resolve host name)
[2020.03.15-14.09.35:707][702]LogHttp: Warning: 0000021EF88B9300: libcurl info message cache 0 (Connection 73 seems to be dead!)
[2020.03.15-14.09.35:707][702]LogHttp: Warning: 0000021EF88B9300: libcurl info message cache 1 (Closing connection 73)
[2020.03.15-14.09.35:707][702]LogHttp: Warning: 0000021EF88B9300: libcurl info message cache 2 (TLSv1.2 (OUT), TLS alert, Client hello (1):)
[2020.03.15-14.09.35:707][702]LogHttp: Warning: 0000021EF88B9300: libcurl info message cache 3 (Could not resolve host: datarouter.ol.epicgames.com)
[2020.03.15-14.09.35:707][702]LogHttp: Warning: 0000021EF88B9300: libcurl info message cache 4 (Closing connection 74)
[2020.03.15-14.09.35:707][702]LogHttp: Warning: Retry exhausted on https://datarouter.ol.epicgames.com/datarouter/api/v1/public/data?SessionID=%7BDE7615F2-4172-BA05-1DEF-4687176506E9%7D&AppID=UEEditor.Rocket.Release&AppVersion=4.24.2-11100242%2B%2B%2BUE4%2BRelease-4.24&UserID=243c59a4450b1664f047e1977132992a%7C2cda664b9fce41f5aafd57382fc5ea96%7C3cf8b831-eb24-43fb-b7cf-6a1da3f7ced5&AppEnvironment=datacollector-binary&UploadType=eteventstream
[2020.03.15-14.28.12:910][ 26]LogUObjectHash: Compacting FUObjectHashTables data took   0.91ms
[2020.03.15-14.28.13:113][ 26]LogSlate: Window 'VRGame - 虚幻编辑器' being destroyed
[2020.03.15-14.28.13:426][ 27]Cmd: QUIT_EDITOR
[2020.03.15-14.28.13:426][ 27]LogCore: Engine exit requested (reason: UUnrealEdEngine::CloseEditor())
[2020.03.15-14.28.13:474][ 27]LogCore: Engine exit requested (reason: EngineExit() was called; note: exit was already requested)
[2020.03.15-14.28.13:475][ 27]LogAudioMixer: Display: No commands were queued while flushing the source manager.
[2020.03.15-14.28.13:814][ 27]LogExit: Preparing to exit.
[2020.03.15-14.28.14:983][ 27]LogDemo: Cleaned up 0 splitscreen connections with owner deletion
[2020.03.15-14.28.15:249][ 27]LogWorld: UWorld::CleanupWorld for None, bSessionEnded=true, bCleanupResources=true
[2020.03.15-14.28.15:249][ 27]LogExit: Editor shut down
[2020.03.15-14.28.15:250][ 27]LogExit: Transaction tracking system shut down
[2020.03.15-14.28.18:375][ 27]LogExit: Object subsystem successfully closed.
[2020.03.15-14.28.18:614][ 27]LogShaderCompilers: Display: Shaders left to compile 0
[2020.03.15-14.28.20:800][ 27]LogModuleManager: Shutting down and abandoning module HierarchicalLODOutliner (696)
[2020.03.15-14.28.20:800][ 27]LogModuleManager: Shutting down and abandoning module SceneOutliner (694)
[2020.03.15-14.28.20:800][ 27]LogModuleManager: Shutting down and abandoning module AddContentDialog (692)
[2020.03.15-14.28.20:810][ 27]LogModuleManager: Shutting down and abandoning module WidgetCarousel (691)
[2020.03.15-14.28.20:810][ 27]LogModuleManager: Shutting down and abandoning module EditorWidgets (688)
[2020.03.15-14.28.20:810][ 27]LogModuleManager: Shutting down and abandoning module CollectionManager (686)
[2020.03.15-14.28.20:817][ 27]LogModuleManager: Shutting down and abandoning module StatsViewer (684)
[2020.03.15-14.28.20:827][ 27]LogModuleManager: Shutting down and abandoning module VirtualTexturingEditor (682)
[2020.03.15-14.28.20:840][ 27]LogModuleManager: Shutting down and abandoning module FoliageEdit (680)
[2020.03.15-14.28.20:864][ 27]LogModuleManager: Shutting down and abandoning module LandscapeEditor (678)
[2020.03.15-14.28.20:955][ 27]LogModuleManager: Shutting down and abandoning module MeshPaintMode (676)
[2020.03.15-14.28.20:955][ 27]LogModuleManager: Shutting down and abandoning module SceneDepthPickerMode (674)
[2020.03.15-14.28.20:955][ 27]LogModuleManager: Shutting down and abandoning module ActorPickerMode (672)
[2020.03.15-14.28.20:955][ 27]LogModuleManager: Shutting down and abandoning module GeometryMode (670)
[2020.03.15-14.28.20:955][ 27]LogModuleManager: Shutting down and abandoning module TextureAlignMode (668)
[2020.03.15-14.28.20:955][ 27]LogModuleManager: Shutting down and abandoning module BspMode (666)
[2020.03.15-14.28.20:955][ 27]LogModuleManager: Shutting down and abandoning module PIEPreviewDeviceProfileSelector (664)
[2020.03.15-14.28.20:973][ 27]LogModuleManager: Shutting down and abandoning module SequenceRecorderSections (662)
[2020.03.15-14.28.20:983][ 27]LogModuleManager: Shutting down and abandoning module AutomationWorker (660)
[2020.03.15-14.28.20:983][ 27]LogModuleManager: Shutting down and abandoning module SteamVREditor (658)
[2020.03.15-14.28.20:983][ 27]LogModuleManager: Shutting down and abandoning module OculusMR (656)
[2020.03.15-14.28.20:991][ 27]LogModuleManager: Shutting down and abandoning module AudioCaptureEditor (654)
[2020.03.15-14.28.21:011][ 27]LogModuleManager: Shutting down and abandoning module MatineeToLevelSequence (652)
[2020.03.15-14.28.21:018][ 27]LogModuleManager: Shutting down and abandoning module LevelSequenceEditor (650)
[2020.03.15-14.28.21:068][ 27]LogModuleManager: Shutting down and abandoning module PlacementMode (649)
[2020.03.15-14.28.21:068][ 27]LogModuleManager: Shutting down and abandoning module MaterialEditor (648)
[2020.03.15-14.28.21:090][ 27]LogModuleManager: Shutting down and abandoning module ActorSequenceEditor (644)
[2020.03.15-14.28.21:200][ 27]LogModuleManager: Shutting down and abandoning module WmfMediaFactory (642)
[2020.03.15-14.28.21:200][ 27]LogModuleManager: Shutting down and abandoning module WmfMediaEditor (640)
[2020.03.15-14.28.21:200][ 27]LogModuleManager: Shutting down and abandoning module WebMMediaFactory (638)
[2020.03.15-14.28.21:200][ 27]LogModuleManager: Shutting down and abandoning module WebMMediaEditor (636)
[2020.03.15-14.28.21:200][ 27]LogModuleManager: Shutting down and abandoning module WebMMedia (634)
[2020.03.15-14.28.21:215][ 27]LogModuleManager: Shutting down and abandoning module MediaPlayerEditor (632)
[2020.03.15-14.28.21:225][ 27]LogModuleManager: Shutting down and abandoning module MediaCompositingEditor (630)
[2020.03.15-14.28.21:263][ 27]LogModuleManager: Shutting down and abandoning module SequenceRecorder (629)
[2020.03.15-14.28.21:263][ 27]LogModuleManager: Shutting down and abandoning module OpenExrWrapper (626)
[2020.03.15-14.28.21:264][ 27]LogModuleManager: Shutting down and abandoning module ImgMediaFactory (624)
[2020.03.15-14.28.21:264][ 27]LogModuleManager: Shutting down and abandoning module ImgMediaEditor (622)
[2020.03.15-14.28.21:264][ 27]LogModuleManager: Shutting down and abandoning module AvfMediaFactory (620)
[2020.03.15-14.28.21:264][ 27]LogModuleManager: Shutting down and abandoning module AvfMediaEditor (618)
[2020.03.15-14.28.21:264][ 27]LogModuleManager: Shutting down and abandoning module AndroidMediaFactory (616)
[2020.03.15-14.28.21:264][ 27]LogModuleManager: Shutting down and abandoning module AndroidMediaEditor (614)
[2020.03.15-14.28.21:264][ 27]LogModuleManager: Shutting down and abandoning module MagicLeapMediaCodecFactory (612)
[2020.03.15-14.28.21:264][ 27]LogModuleManager: Shutting down and abandoning module MagicLeapMediaFactory (610)
[2020.03.15-14.28.21:264][ 27]LogModuleManager: Shutting down and abandoning module MagicLeapMediaEditor (608)
[2020.03.15-14.28.21:264][ 27]LogModuleManager: Shutting down and abandoning module CharacterAI (606)
[2020.03.15-14.28.21:264][ 27]LogModuleManager: Shutting down and abandoning module SmartSnapping (604)
[2020.03.15-14.28.21:264][ 27]LogModuleManager: Shutting down and abandoning module SessionServices (602)
[2020.03.15-14.28.21:264][ 27]LogModuleManager: Shutting down and abandoning module MeshPaint (600)
[2020.03.15-14.28.21:292][ 27]LogModuleManager: Shutting down and abandoning module ViewportSnapping (598)
[2020.03.15-14.28.21:292][ 27]LogModuleManager: Shutting down and abandoning module ViewportInteraction (596)
[2020.03.15-14.28.21:292][ 27]LogModuleManager: Shutting down and abandoning module ClothPainter (594)
[2020.03.15-14.28.21:309][ 27]LogModuleManager: Shutting down and abandoning module SkeletalMeshEditor (593)
[2020.03.15-14.28.21:345][ 27]LogModuleManager: Shutting down and abandoning module LogVisualizer (590)
[2020.03.15-14.28.21:368][ 27]LogModuleManager: Shutting down and abandoning module IntroTutorials (588)
[2020.03.15-14.28.21:388][ 27]LogModuleManager: Shutting down and abandoning module GameProjectGeneration (587)
[2020.03.15-14.28.21:400][ 27]LogModuleManager: Shutting down and abandoning module LuminPlatformEditor (584)
[2020.03.15-14.28.21:400][ 27]LogModuleManager: Shutting down and abandoning module IOSPlatformEditor (582)
[2020.03.15-14.28.21:400][ 27]LogModuleManager: Shutting down and abandoning module AndroidPlatformEditor (580)
[2020.03.15-14.28.21:400][ 27]LogModuleManager: Shutting down and abandoning module AndroidDeviceDetection (579)
[2020.03.15-14.28.22:044][ 27]LogModuleManager: Shutting down and abandoning module WindowsPlatformEditor (576)
[2020.03.15-14.28.22:044][ 27]LogModuleManager: Shutting down and abandoning module LuminRuntimeSettings (574)
[2020.03.15-14.28.22:044][ 27]LogModuleManager: Shutting down and abandoning module IOSRuntimeSettings (572)
[2020.03.15-14.28.22:044][ 27]LogModuleManager: Shutting down and abandoning module AndroidRuntimeSettings (570)
[2020.03.15-14.28.22:044][ 27]LogModuleManager: Shutting down and abandoning module EditorInteractiveToolsFramework (568)
[2020.03.15-14.28.22:044][ 27]LogModuleManager: Shutting down and abandoning module TimeManagementEditor (566)
[2020.03.15-14.28.22:044][ 27]LogModuleManager: Shutting down and abandoning module InputBindingEditor (564)
[2020.03.15-14.28.22:121][ 27]LogModuleManager: Shutting down and abandoning module MergeActors (562)
[2020.03.15-14.28.22:146][ 27]LogModuleManager: Shutting down and abandoning module LocalizationDashboard (560)
[2020.03.15-14.28.22:156][ 27]LogModuleManager: Shutting down and abandoning module LocalizationService (559)
[2020.03.15-14.28.22:174][ 27]LogModuleManager: Shutting down and abandoning module HardwareTargeting (556)
[2020.03.15-14.28.22:175][ 27]LogModuleManager: Shutting down and abandoning module DeviceProfileEditor (554)
[2020.03.15-14.28.22:175][ 27]LogModuleManager: Shutting down and abandoning module UndoHistory (552)
[2020.03.15-14.28.22:195][ 27]LogModuleManager: Shutting down and abandoning module XmlParser (550)
[2020.03.15-14.28.22:207][ 27]LogModuleManager: Shutting down and abandoning module Blutility (548)
[2020.03.15-14.28.22:207][ 27]LogModuleManager: Shutting down and abandoning module ProjectSettingsViewer (546)
[2020.03.15-14.28.22:207][ 27]LogModuleManager: Shutting down and abandoning module ProjectTargetPlatformEditor (545)
[2020.03.15-14.28.22:207][ 27]LogModuleManager: Shutting down and abandoning module EditorSettingsViewer (542)
[2020.03.15-14.28.22:208][ 27]LogModuleManager: Shutting down and abandoning module SettingsEditor (540)
[2020.03.15-14.28.22:231][ 27]LogModuleManager: Shutting down and abandoning module ProjectLauncher (538)
[2020.03.15-14.28.22:256][ 27]LogModuleManager: Shutting down and abandoning module SessionFrontend (536)
[2020.03.15-14.28.22:265][ 27]LogModuleManager: Shutting down and abandoning module ProfilerClient (534)
[2020.03.15-14.28.22:282][ 27]LogModuleManager: Shutting down and abandoning module DeviceManager (532)
[2020.03.15-14.28.22:298][ 27]LogModuleManager: Shutting down and abandoning module TargetDeviceServices (531)
[2020.03.15-14.28.22:331][ 27]LogModuleManager: Shutting down and abandoning module AutomationController (528)
[2020.03.15-14.28.22:339][ 27]LogModuleManager: Shutting down and abandoning module AutomationWindow (526)
[2020.03.15-14.28.22:400][ 27]LogModuleManager: Shutting down and abandoning module Layers (524)
[2020.03.15-14.28.22:423][ 27]LogModuleManager: Shutting down and abandoning module ComponentVisualizers (522)
[2020.03.15-14.28.22:423][ 27]LogModuleManager: Shutting down and abandoning module DetailCustomizations (520)
[2020.03.15-14.28.22:438][ 27]LogModuleManager: Shutting down and abandoning module PackagesDialog (518)
[2020.03.15-14.28.22:438][ 27]LogModuleManager: Shutting down and abandoning module AnimationBlueprintEditor (516)
[2020.03.15-14.28.22:468][ 27]LogModuleManager: Shutting down and abandoning module Persona (514)
[2020.03.15-14.28.22:487][ 27]LogModuleManager: Shutting down and abandoning module AdvancedPreviewScene (513)
[2020.03.15-14.28.22:487][ 27]LogModuleManager: Shutting down and abandoning module AnimGraph (511)
[2020.03.15-14.28.22:503][ 27]LogModuleManager: Shutting down and abandoning module Kismet (508)
[2020.03.15-14.28.22:521][ 27]LogModuleManager: Shutting down and abandoning module KismetWidgets (507)
[2020.03.15-14.28.22:521][ 27]LogModuleManager: Shutting down and abandoning module GraphEditor (504)
[2020.03.15-14.28.22:521][ 27]LogModuleManager: Shutting down and abandoning module StructViewer (502)
[2020.03.15-14.28.22:521][ 27]LogModuleManager: Shutting down and abandoning module ClassViewer (500)
[2020.03.15-14.28.22:521][ 27]LogModuleManager: Shutting down and abandoning module Toolbox (498)
[2020.03.15-14.28.22:521][ 27]LogModuleManager: Shutting down and abandoning module ModuleUI (496)
[2020.03.15-14.28.22:537][ 27]LogModuleManager: Shutting down and abandoning module OutputLog (494)
[2020.03.15-14.28.22:547][ 27]LogModuleManager: Shutting down and abandoning module GammaUI (492)
[2020.03.15-14.28.22:555][ 27]LogModuleManager: Shutting down and abandoning module Documentation (490)
[2020.03.15-14.28.22:555][ 27]LogModuleManager: Shutting down and abandoning module ToolMenus (488)
[2020.03.15-14.28.22:555][ 27]LogModuleManager: Shutting down and abandoning module LiveCoding (486)
[2020.03.15-14.28.22:621][ 27]LogModuleManager: Shutting down and abandoning module LevelSequence (484)
[2020.03.15-14.28.22:622][ 27]LogModuleManager: Shutting down and abandoning module MovieSceneTracks (482)
[2020.03.15-14.28.22:622][ 27]LogModuleManager: Shutting down and abandoning module MovieScene (480)
[2020.03.15-14.28.22:672][ 27]LogModuleManager: Shutting down and abandoning module StreamingPauseRendering (478)
[2020.03.15-14.28.22:682][ 27]LogModuleManager: Shutting down and abandoning module LauncherPlatform (476)
[2020.03.15-14.28.22:682][ 27]LogModuleManager: Shutting down and abandoning module AnalyticsET (474)
[2020.03.15-14.28.22:682][ 27]LogModuleManager: Shutting down and abandoning module PortalServices (472)
[2020.03.15-14.28.22:682][ 27]LogModuleManager: Shutting down and abandoning module PortalRpc (470)
[2020.03.15-14.28.22:682][ 27]LogModuleManager: Shutting down and abandoning module MessagingRpc (468)
[2020.03.15-14.28.22:682][ 27]LogModuleManager: Shutting down and abandoning module AudioMixerXAudio2 (466)
[2020.03.15-14.28.22:682][ 27]LogModuleManager: Shutting down and abandoning module AIModule (464)
[2020.03.15-14.28.22:683][ 27]LogModuleManager: Shutting down and abandoning module GameplayDebugger (463)
[2020.03.15-14.28.22:683][ 27]LogModuleManager: Shutting down and abandoning module AITestSuite (461)
[2020.03.15-14.28.22:683][ 27]LogModuleManager: Shutting down and abandoning module NavigationSystem (459)
[2020.03.15-14.28.22:683][ 27]LogModuleManager: Shutting down and abandoning module ImageWriteQueue (456)
[2020.03.15-14.28.22:689][ 27]LogModuleManager: Shutting down and abandoning module ProfilerService (454)
[2020.03.15-14.28.22:743][ 27]LogModuleManager: Shutting down and abandoning module TaskGraph (452)
[2020.03.15-14.28.22:773][ 27]LogModuleManager: Shutting down and abandoning module ScreenshotTools (450)
[2020.03.15-14.28.22:773][ 27]LogModuleManager: Shutting down and abandoning module ProceduralMeshComponentEditor (448)
[2020.03.15-14.28.22:773][ 27]LogModuleManager: Shutting down and abandoning module ProceduralMeshComponent (446)
[2020.03.15-14.28.22:773][ 27]LogModuleManager: Shutting down and abandoning module OculusEditor (444)
[2020.03.15-14.28.22:785][ 27]LogModuleManager: Shutting down and abandoning module OculusInput (442)
[2020.03.15-14.28.22:785][ 27]LogModuleManager: Shutting down and abandoning module MobilePatchingUtils (440)
[2020.03.15-14.28.22:785][ 27]LogModuleManager: Shutting down and abandoning module EditableMesh (438)
[2020.03.15-14.28.22:795][ 27]LogModuleManager: Shutting down and abandoning module CustomMeshComponent (436)
[2020.03.15-14.28.22:795][ 27]LogModuleManager: Shutting down and abandoning module CableComponent (434)
[2020.03.15-14.28.22:795][ 27]LogModuleManager: Shutting down and abandoning module AudioCapture (432)
[2020.03.15-14.28.22:795][ 27]LogModuleManager: Shutting down and abandoning module AudioCaptureRtAudio (431)
[2020.03.15-14.28.22:795][ 27]LogModuleManager: Shutting down and abandoning module AssetTags (428)
[2020.03.15-14.28.22:796][ 27]LogModuleManager: Shutting down and abandoning module ArchVisCharacter (426)
[2020.03.15-14.28.22:796][ 27]LogModuleManager: Shutting down and abandoning module AppleImageUtilsBlueprintSupport (424)
[2020.03.15-14.28.22:796][ 27]LogModuleManager: Shutting down and abandoning module AppleImageUtils (422)
[2020.03.15-14.28.22:796][ 27]LogModuleManager: Shutting down and abandoning module AndroidPermission (420)
[2020.03.15-14.28.22:796][ 27]LogModuleManager: Shutting down and abandoning module NUTUnrealEngine4 (418)
[2020.03.15-14.28.22:815][ 27]LogModuleManager: Shutting down and abandoning module NetcodeUnitTest (416)
[2020.03.15-14.28.22:870][ 27]LogModuleManager: Shutting down and abandoning module MediaCompositing (414)
[2020.03.15-14.28.22:871][ 27]LogModuleManager: Shutting down and abandoning module ImgMedia (412)
[2020.03.15-14.28.22:871][ 27]LogModuleManager: Shutting down and abandoning module MagicLeapHelperVulkan (410)
[2020.03.15-14.28.22:871][ 27]LogModuleManager: Shutting down and abandoning module MagicLeapHelperOpenGL (408)
[2020.03.15-14.28.22:871][ 27]LogModuleManager: Shutting down and abandoning module MagicLeapAudio (406)
[2020.03.15-14.28.22:871][ 27]LogModuleManager: Shutting down and abandoning module GeometryCacheTracks (404)
[2020.03.15-14.28.22:871][ 27]LogModuleManager: Shutting down and abandoning module GeometryCacheSequencer (402)
[2020.03.15-14.28.22:871][ 27]LogModuleManager: Shutting down and abandoning module BackChannel (400)
[2020.03.15-14.28.22:877][ 27]LogModuleManager: Shutting down and abandoning module AutomationUtilsEditor (398)
[2020.03.15-14.28.22:878][ 27]LogModuleManager: Shutting down and abandoning module AutomationUtils (396)
[2020.03.15-14.28.22:878][ 27]LogModuleManager: Shutting down and abandoning module AlembicImporter (394)
[2020.03.15-14.28.22:893][ 27]LogModuleManager: Shutting down and abandoning module AlembicLibrary (393)
[2020.03.15-14.28.22:907][ 27]LogModuleManager: Shutting down and abandoning module GeometryCache (392)
[2020.03.15-14.28.22:908][ 27]LogModuleManager: Shutting down and abandoning module GeometryCacheEd (391)
[2020.03.15-14.28.22:908][ 27]LogModuleManager: Shutting down and abandoning module VariantManagerContentEditor (386)
[2020.03.15-14.28.22:916][ 27]LogModuleManager: Shutting down and abandoning module DatasmithContentEditor (384)
[2020.03.15-14.28.22:936][ 27]LogModuleManager: Shutting down and abandoning module SpeedTreeImporter (382)
[2020.03.15-14.28.22:936][ 27]LogModuleManager: Shutting down and abandoning module PluginBrowser (380)
[2020.03.15-14.28.22:957][ 27]LogModuleManager: Shutting down and abandoning module MobileLauncherProfileWizard (378)
[2020.03.15-14.28.22:974][ 27]LogModuleManager: Shutting down and abandoning module MaterialAnalyzer (376)
[2020.03.15-14.28.22:985][ 27]LogModuleManager: Shutting down and abandoning module CurveEditorTools (374)
[2020.03.15-14.28.23:011][ 27]LogModuleManager: Shutting down and abandoning module CryptoKeysOpenSSL (372)
[2020.03.15-14.28.23:011][ 27]LogModuleManager: Shutting down and abandoning module CryptoKeys (370)
[2020.03.15-14.28.23:011][ 27]LogModuleManager: Shutting down and abandoning module VisualStudioSourceCodeAccess (368)
[2020.03.15-14.28.23:021][ 27]LogModuleManager: Shutting down and abandoning module VisualStudioCodeSourceCodeAccess (366)
[2020.03.15-14.28.23:021][ 27]LogModuleManager: Shutting down and abandoning module UObjectPlugin (364)
[2020.03.15-14.28.23:021][ 27]LogModuleManager: Shutting down and abandoning module SubversionSourceControl (362)
[2020.03.15-14.28.23:029][ 27]LogModuleManager: Shutting down and abandoning module PlasticSourceControl (360)
[2020.03.15-14.28.23:035][ 27]LogModuleManager: Shutting down and abandoning module PerforceSourceControl (358)
[2020.03.15-14.28.23:048][ 27]LogModuleManager: Shutting down and abandoning module GitSourceControl (356)
[2020.03.15-14.28.23:062][ 27]LogModuleManager: Shutting down and abandoning module SourceControl (355)
[2020.03.15-14.28.23:062][ 27]LogModuleManager: Shutting down and abandoning module CLionSourceCodeAccess (352)
[2020.03.15-14.28.23:069][ 27]LogModuleManager: Shutting down and abandoning module AnimationSharingEd (350)
[2020.03.15-14.28.23:069][ 27]LogModuleManager: Shutting down and abandoning module ActorLayerUtilitiesEditor (348)
[2020.03.15-14.28.23:069][ 27]LogModuleManager: Shutting down and abandoning module ActorLayerUtilities (346)
[2020.03.15-14.28.23:069][ 27]LogModuleManager: Shutting down and abandoning module LightPropagationVolumeEditor (344)
[2020.03.15-14.28.23:069][ 27]LogModuleManager: Shutting down and abandoning module PaperTiledImporter (342)
[2020.03.15-14.28.23:069][ 27]LogModuleManager: Shutting down and abandoning module PaperSpriteSheetImporter (340)
[2020.03.15-14.28.23:069][ 27]LogModuleManager: Shutting down and abandoning module Paper2DEditor (338)
[2020.03.15-14.28.23:134][ 27]LogModuleManager: Shutting down and abandoning module SignificanceManager (336)
[2020.03.15-14.28.23:134][ 27]LogModuleManager: Shutting down and abandoning module RuntimePhysXCooking (334)
[2020.03.15-14.28.23:134][ 27]LogModuleManager: Shutting down and abandoning module PhysXVehiclesEditor (332)
[2020.03.15-14.28.23:134][ 27]LogModuleManager: Shutting down and abandoning module LocationServicesBPLibrary (328)
[2020.03.15-14.28.23:134][ 27]LogModuleManager: Shutting down and abandoning module ActorSequence (326)
[2020.03.15-14.28.23:134][ 27]LogModuleManager: Shutting down and abandoning module UdpMessaging (324)
[2020.03.15-14.28.23:235][ 27]LogModuleManager: Shutting down and abandoning module TcpMessaging (322)
[2020.03.15-14.28.23:352][ 27]LogModuleManager: Shutting down and abandoning module MagicLeapPrivileges (320)
[2020.03.15-14.28.23:363][ 27]LogModuleManager: Shutting down and abandoning module MagicLeapPlanes (318)
[2020.03.15-14.28.23:396][ 27]LogMagicLeapPlanes: Planes tracker already destroyed.
[2020.03.15-14.28.23:396][ 27]LogModuleManager: Shutting down and abandoning module MagicLeapIdentity (316)
[2020.03.15-14.28.23:396][ 27]LogModuleManager: Shutting down and abandoning module MagicLeapSecureStorage (314)
[2020.03.15-14.28.23:396][ 27]LogModuleManager: Shutting down and abandoning module MagicLeapImageTracker (312)
[2020.03.15-14.28.23:396][ 27]LogModuleManager: Shutting down and abandoning module MagicLeapHandTracking (310)
[2020.03.15-14.28.23:417][ 27]LogModuleManager: Shutting down and abandoning module MagicLeapHandMeshing (308)
[2020.03.15-14.28.23:432][ 27]LogModuleManager: Shutting down and abandoning module MagicLeapEyeTracker (306)
[2020.03.15-14.28.23:432][ 27]LogModuleManager: Shutting down and abandoning module MagicLeapController (304)
[2020.03.15-14.28.23:455][ 27]LogSlate: Slate User Destroyed.  User Index 0, Is Virtual User: 0
[2020.03.15-14.28.23:455][ 27]LogModuleManager: Shutting down and abandoning module MagicLeapARPin (302)
[2020.03.15-14.28.23:455][ 27]LogModuleManager: Shutting down and abandoning module MagicLeapAR (300)
[2020.03.15-14.28.23:455][ 27]LogModuleManager: Shutting down and abandoning module AugmentedReality (299)
[2020.03.15-14.28.23:455][ 27]LogModuleManager: Shutting down and abandoning module GameplayTagsEditor (296)
[2020.03.15-14.28.23:455][ 27]LogModuleManager: Shutting down and abandoning module FacialAnimationEditor (294)
[2020.03.15-14.28.23:455][ 27]LogModuleManager: Shutting down and abandoning module FacialAnimation (292)
[2020.03.15-14.28.23:455][ 27]LogModuleManager: Shutting down and abandoning module DataValidation (290)
[2020.03.15-14.28.23:455][ 27]LogModuleManager: Shutting down and abandoning module AssetManagerEditor (288)
[2020.03.15-14.28.23:476][ 27]LogModuleManager: Shutting down and abandoning module LevelEditor (287)
[2020.03.15-14.28.23:498][ 27]LogModuleManager: Shutting down and abandoning module PixelInspectorModule (286)
[2020.03.15-14.28.23:553][ 27]LogModuleManager: Shutting down and abandoning module CommonMenuExtensions (284)
[2020.03.15-14.28.23:553][ 27]LogModuleManager: Shutting down and abandoning module MainFrame (282)
[2020.03.15-14.28.23:553][ 27]LogModuleManager: Shutting down and abandoning module HotReload (281)
